============================= test session starts ==============================
platform linux -- Python 3.12.3, pytest-9.0.2, pluggy-1.6.0 -- /home/spa/tobit-spa-ai/apps/api/.venv/bin/python3.12
cachedir: .pytest_cache
rootdir: /home/spa/tobit-spa-ai/apps/api
configfile: pytest.ini
testpaths: tests
plugins: anyio-4.12.1, langsmith-0.6.3, asyncio-1.3.0
asyncio: mode=Mode.STRICT, debug=False, asyncio_default_fixture_loop_scope=None, asyncio_default_test_loop_scope=function
collecting ... collected 392 items

tests/test_api_keys.py::TestApiKeyGeneration::test_generate_api_key PASSED [  0%]
tests/test_api_keys.py::TestApiKeyGeneration::test_generate_unique_keys PASSED [  0%]
tests/test_api_keys.py::TestApiKeyCrud::test_create_api_key ERROR        [  0%]
tests/test_api_keys.py::TestApiKeyCrud::test_create_api_key_with_expiration ERROR [  1%]
tests/test_api_keys.py::TestApiKeyCrud::test_validate_api_key_valid ERROR [  1%]
tests/test_api_keys.py::TestApiKeyCrud::test_validate_api_key_invalid ERROR [  1%]
tests/test_api_keys.py::TestApiKeyCrud::test_validate_api_key_expired ERROR [  1%]
tests/test_api_keys.py::TestApiKeyCrud::test_validate_api_key_inactive ERROR [  2%]
tests/test_api_keys.py::TestApiKeyCrud::test_get_api_key ERROR           [  2%]
tests/test_api_keys.py::TestApiKeyCrud::test_get_api_key_wrong_user ERROR [  2%]
tests/test_api_keys.py::TestApiKeyCrud::test_list_api_keys ERROR         [  2%]
tests/test_api_keys.py::TestApiKeyCrud::test_list_api_keys_exclude_inactive ERROR [  3%]
tests/test_api_keys.py::TestApiKeyCrud::test_list_api_keys_include_inactive ERROR [  3%]
tests/test_api_keys.py::TestApiKeyCrud::test_revoke_api_key ERROR        [  3%]
tests/test_api_keys.py::TestApiKeyCrud::test_revoke_nonexistent_key ERROR [  3%]
tests/test_api_keys.py::TestApiKeyScopes::test_get_api_key_scopes ERROR  [  4%]
tests/test_api_keys.py::TestApiKeyScopes::test_has_scope_true ERROR      [  4%]
tests/test_api_keys.py::TestApiKeyScopes::test_has_scope_false ERROR     [  4%]
tests/test_api_keys.py::TestApiKeysRouter::test_create_api_key_endpoint ERROR [  4%]
tests/test_api_keys.py::TestApiKeysRouter::test_list_api_keys_endpoint ERROR [  5%]
tests/test_api_keys.py::TestApiKeysRouter::test_revoke_api_key_endpoint ERROR [  5%]
tests/test_asset_models.py::TestSourceAsset::test_source_type_enum PASSED [  5%]
tests/test_asset_models.py::TestSourceAsset::test_source_connection_creation PASSED [  5%]
tests/test_asset_models.py::TestSourceAsset::test_source_connection_defaults PASSED [  6%]
tests/test_asset_models.py::TestSourceAsset::test_source_asset_creation PASSED [  6%]
tests/test_asset_models.py::TestSourceAsset::test_source_asset_spec_json_pattern PASSED [  6%]
tests/test_asset_models.py::TestSchemaAsset::test_schema_column_creation PASSED [  6%]
tests/test_asset_models.py::TestSchemaAsset::test_schema_table_creation PASSED [  7%]
tests/test_asset_models.py::TestSchemaAsset::test_schema_catalog_creation PASSED [  7%]
tests/test_asset_models.py::TestSchemaAsset::test_schema_catalog_computed_properties PASSED [  7%]
tests/test_asset_models.py::TestSchemaAsset::test_schema_catalog_get_table PASSED [  7%]
tests/test_asset_models.py::TestSchemaAsset::test_schema_asset_creation PASSED [  8%]
tests/test_asset_models.py::TestSchemaAsset::test_schema_asset_spec_json_pattern PASSED [  8%]
tests/test_asset_models.py::TestResolverAsset::test_resolver_type_enum PASSED [  8%]
tests/test_asset_models.py::TestResolverAsset::test_alias_mapping_creation FAILED [  8%]
tests/test_asset_models.py::TestResolverAsset::test_pattern_rule_creation FAILED [  9%]
tests/test_asset_models.py::TestResolverAsset::test_transformation_rule_creation FAILED [  9%]
tests/test_asset_models.py::TestResolverAsset::test_resolver_rule_with_alias FAILED [  9%]
tests/test_asset_models.py::TestResolverAsset::test_resolver_config_creation FAILED [  9%]
tests/test_asset_models.py::TestResolverAsset::test_resolver_config_get_rule_by_name FAILED [ 10%]
tests/test_asset_models.py::TestResolverAsset::test_resolver_config_get_rules_by_type FAILED [ 10%]
tests/test_asset_models.py::TestResolverAsset::test_resolver_config_add_remove_rule FAILED [ 10%]
tests/test_asset_models.py::TestResolverAsset::test_resolver_asset_creation FAILED [ 10%]
tests/test_asset_models.py::TestResolverAsset::test_rule_priority_ordering FAILED [ 11%]
tests/test_asset_models.py::TestAssetIntegration::test_source_to_schema_reference FAILED [ 11%]
tests/test_asset_models.py::TestAssetIntegration::test_resolver_with_multiple_rule_types FAILED [ 11%]
tests/test_audit_log.py::test_list_audit_logs_returns_matching_entries PASSED [ 11%]
tests/test_audit_log.py::test_get_audit_logs_by_trace_and_parent PASSED  [ 12%]
tests/test_chat_stream.py::test_chat_stream_returns_answer_chunk PASSED  [ 12%]
tests/test_ci_exact_candidate.py::test_find_exact_candidate_matches_ci_name_case_insensitive PASSED [ 12%]
tests/test_ci_exact_candidate.py::test_find_exact_candidate_matches_ci_code PASSED [ 13%]
tests/test_ci_exact_candidate.py::test_find_exact_candidate_returns_none_when_no_exact_match PASSED [ 13%]
tests/test_ci_list_llm_output.py::test_llm_list_payload_forces_list_intent PASSED [ 13%]
tests/test_ci_list_llm_output.py::test_llm_list_default_limit_applies PASSED [ 13%]
tests/test_ci_management.py::TestCIChangeCreation::test_create_change_basic ERROR [ 14%]
tests/test_ci_management.py::TestCIChangeCreation::test_create_change_minimal ERROR [ 14%]
tests/test_ci_management.py::TestCIChangeCreation::test_create_change_all_types ERROR [ 14%]
tests/test_ci_management.py::TestCIChangeCreation::test_get_change_by_id ERROR [ 14%]
tests/test_ci_management.py::TestCIChangeCreation::test_get_change_not_found ERROR [ 15%]
tests/test_ci_management.py::TestCIChangeCreation::test_list_changes_all ERROR [ 15%]
tests/test_ci_management.py::TestCIChangeCreation::test_list_changes_filter_by_ci_id ERROR [ 15%]
tests/test_ci_management.py::TestCIChangeCreation::test_list_changes_filter_by_status ERROR [ 15%]
tests/test_ci_management.py::TestCIChangeCreation::test_list_changes_pagination ERROR [ 16%]
tests/test_ci_management.py::TestCIChangeApproval::test_approve_change ERROR [ 16%]
tests/test_ci_management.py::TestCIChangeApproval::test_reject_change ERROR [ 16%]
tests/test_ci_management.py::TestCIChangeApproval::test_approve_non_existent_change ERROR [ 16%]
tests/test_ci_management.py::TestCIChangeApproval::test_apply_change ERROR [ 17%]
tests/test_ci_management.py::TestCIChangeApproval::test_apply_unapproved_change_fails ERROR [ 17%]
tests/test_ci_management.py::TestCIChangeHistory::test_get_change_history_single_ci ERROR [ 17%]
tests/test_ci_management.py::TestCIChangeHistory::test_change_history_counts ERROR [ 17%]
tests/test_ci_management.py::TestCIChangeHistory::test_change_history_pending_approvals ERROR [ 18%]
tests/test_ci_management.py::TestCIIntegrityValidation::test_create_integrity_issue ERROR [ 18%]
tests/test_ci_management.py::TestCIIntegrityValidation::test_get_integrity_issues ERROR [ 18%]
tests/test_ci_management.py::TestCIIntegrityValidation::test_filter_integrity_issues_unresolved ERROR [ 18%]
tests/test_ci_management.py::TestCIIntegrityValidation::test_resolve_integrity_issue ERROR [ 19%]
tests/test_ci_management.py::TestCIIntegrityValidation::test_validate_ci_integrity ERROR [ 19%]
tests/test_ci_management.py::TestCIIntegrityValidation::test_get_integrity_summary ERROR [ 19%]
tests/test_ci_management.py::TestCIDuplicateDetection::test_create_duplicate_entry ERROR [ 19%]
tests/test_ci_management.py::TestCIDuplicateDetection::test_get_duplicates_for_ci ERROR [ 20%]
tests/test_ci_management.py::TestCIDuplicateDetection::test_confirm_duplicate ERROR [ 20%]
tests/test_ci_management.py::TestCIDuplicateDetection::test_duplicate_statistics ERROR [ 20%]
tests/test_ci_management.py::TestCIChangeStatistics::test_get_change_statistics ERROR [ 20%]
tests/test_ci_management.py::TestCIChangeStatistics::test_change_statistics_time_range ERROR [ 21%]
tests/test_ci_management.py::TestCIIntegrationWorkflow::test_complete_change_workflow ERROR [ 21%]
tests/test_ci_management.py::TestCIIntegrationWorkflow::test_duplicate_detection_to_merge_workflow ERROR [ 21%]
tests/test_ci_management.py::TestCIIntegrationWorkflow::test_integrity_validation_workflow ERROR [ 21%]
tests/test_ci_management.py::TestTenantIsolation::test_changes_isolated_by_tenant ERROR [ 22%]
tests/test_ci_management.py::TestTenantIsolation::test_issues_isolated_by_tenant ERROR [ 22%]
tests/test_ci_management.py::TestTenantIsolation::test_duplicates_isolated_by_tenant ERROR [ 22%]
tests/test_ci_runner_tool_contracts.py::TestToolCallContract::test_tool_call_creation PASSED [ 22%]
tests/test_ci_runner_tool_contracts.py::TestToolCallContract::test_tool_call_with_error PASSED [ 23%]
tests/test_ci_runner_tool_contracts.py::TestToolCallContract::test_tool_call_serialization PASSED [ 23%]
tests/test_ci_runner_tool_contracts.py::TestToolCallContract::test_tool_call_default_values PASSED [ 23%]
tests/test_ci_runner_tool_contracts.py::TestToolCallTrace::test_multiple_tool_calls_accumulation PASSED [ 23%]
tests/test_ci_runner_tool_contracts.py::TestToolCallTrace::test_tool_calls_with_errors PASSED [ 24%]
tests/test_ci_runner_tool_contracts.py::TestReferenceExtraction::test_extract_references_from_dict_blocks PASSED [ 24%]
tests/test_ci_runner_tool_contracts.py::TestReferenceExtraction::test_no_references_in_blocks PASSED [ 24%]
tests/test_ci_runner_tool_contracts.py::TestReferenceExtraction::test_multiple_reference_blocks PASSED [ 25%]
tests/test_control_loop.py::TestControlLoopPolicy::test_policy_creation PASSED [ 25%]
tests/test_control_loop.py::TestControlLoopPolicy::test_policy_defaults PASSED [ 25%]
tests/test_control_loop.py::TestControlLoopPolicy::test_policy_validation_success PASSED [ 25%]
tests/test_control_loop.py::TestControlLoopPolicy::test_policy_validation_negative_max_replans PASSED [ 26%]
tests/test_control_loop.py::TestControlLoopPolicy::test_policy_validation_negative_interval PASSED [ 26%]
tests/test_control_loop.py::TestControlLoopPolicy::test_policy_validation_negative_cooling_period PASSED [ 26%]
tests/test_control_loop.py::TestControlLoopPolicy::test_policy_validation_interval_greater_than_cooling PASSED [ 26%]
tests/test_control_loop.py::TestControlLoopRuntime::test_runtime_creation PASSED [ 27%]
tests/test_control_loop.py::TestControlLoopRuntime::test_should_replan_allowed_trigger PASSED [ 27%]
tests/test_control_loop.py::TestControlLoopRuntime::test_should_replan_disallowed_trigger PASSED [ 27%]
tests/test_control_loop.py::TestControlLoopRuntime::test_should_replan_max_replans_exceeded PASSED [ 27%]
tests/test_control_loop.py::TestControlLoopRuntime::test_should_replan_min_interval_not_met PASSED [ 28%]
tests/test_control_loop.py::TestControlLoopRuntime::test_should_replan_cooling_period_active PASSED [ 28%]
tests/test_control_loop.py::TestControlLoopRuntime::test_should_replan_critical_severity_override PASSED [ 28%]
tests/test_control_loop.py::TestControlLoopRuntime::test_record_replan PASSED [ 28%]
tests/test_control_loop.py::TestControlLoopRuntime::test_trigger_counts_tracking PASSED [ 29%]
tests/test_control_loop.py::TestControlLoopRuntime::test_get_stats PASSED [ 29%]
tests/test_control_loop.py::TestControlLoopRuntime::test_should_replan_with_string_trigger PASSED [ 29%]
tests/test_control_loop.py::TestControlLoopRuntime::test_multiple_replans_sequence PASSED [ 29%]
tests/test_control_loop.py::TestReplanEventSchema::test_replan_event_creation PASSED [ 30%]
tests/test_control_loop.py::TestReplanEventSchema::test_replan_patch_diff PASSED [ 30%]
tests/test_control_loop.py::TestReplanEventSchema::test_replan_trigger_structure PASSED [ 30%]
tests/test_documents.py::test_upload_creates_metadata_and_list ERROR     [ 30%]
tests/test_documents.py::test_document_stream_done_contains_references ERROR [ 31%]
tests/test_encryption.py::TestEncryptionManager::test_generate_key PASSED [ 31%]
tests/test_encryption.py::TestEncryptionManager::test_encrypt_plaintext PASSED [ 31%]
tests/test_encryption.py::TestEncryptionManager::test_decrypt_ciphertext PASSED [ 31%]
tests/test_encryption.py::TestEncryptionManager::test_encrypt_decrypt_roundtrip PASSED [ 32%]
tests/test_encryption.py::TestEncryptionManager::test_encrypt_none_raises_error PASSED [ 32%]
tests/test_encryption.py::TestEncryptionManager::test_decrypt_none_raises_error PASSED [ 32%]
tests/test_encryption.py::TestEncryptionManager::test_decrypt_invalid_ciphertext_raises_error PASSED [ 32%]
tests/test_encryption.py::TestEncryptionManager::test_different_keys_cannot_decrypt PASSED [ 33%]
tests/test_encryption.py::TestEncryptionManager::test_encryption_is_deterministic PASSED [ 33%]
tests/test_encryption.py::TestEncryptionManager::test_derive_key_from_password PASSED [ 33%]
tests/test_encryption.py::TestEncryptionManager::test_password_derived_key_works PASSED [ 33%]
tests/test_encryption.py::TestEncryptionManager::test_encryption_manager_initialization_without_key_raises_error PASSED [ 34%]
tests/test_encryption.py::TestEncryptionManager::test_encryption_manager_with_invalid_key_raises_error PASSED [ 34%]
tests/test_encryption.py::TestEncryptionManager::test_encrypt_empty_string PASSED [ 34%]
tests/test_encryption.py::TestEncryptionManager::test_encrypt_very_long_string PASSED [ 34%]
tests/test_encryption.py::TestUserEncryption::test_user_set_get_email PASSED [ 35%]
tests/test_encryption.py::TestUserEncryption::test_user_set_get_phone PASSED [ 35%]
tests/test_encryption.py::TestUserEncryption::test_user_set_empty_email PASSED [ 35%]
tests/test_encryption.py::TestUserEncryption::test_user_set_none_phone PASSED [ 35%]
tests/test_encryption.py::TestApiKeyEncryption::test_api_key_encrypt_hash PASSED [ 36%]
tests/test_encryption.py::TestApiKeyEncryption::test_api_key_decrypt_hash PASSED [ 36%]
tests/test_health.py::test_health_endpoint_structure PASSED              [ 36%]
tests/test_hello.py::test_hello_endpoint_structure PASSED                [ 36%]
tests/test_hello.py::test_hello_endpoint_invalid_method PASSED           [ 37%]
tests/test_langgraph_advanced.py::TestQueryAnalyzer::test_detect_metric_query PASSED [ 37%]
tests/test_langgraph_advanced.py::TestQueryAnalyzer::test_detect_graph_query PASSED [ 37%]
tests/test_langgraph_advanced.py::TestQueryAnalyzer::test_detect_history_query PASSED [ 38%]
tests/test_langgraph_advanced.py::TestQueryAnalyzer::test_detect_ci_query PASSED [ 38%]
tests/test_langgraph_advanced.py::TestQueryAnalyzer::test_detect_conditional_query PASSED [ 38%]
tests/test_langgraph_advanced.py::TestQueryAnalyzer::test_detect_composite_query PASSED [ 38%]
tests/test_langgraph_advanced.py::TestQueryAnalyzer::test_calculate_simple_complexity PASSED [ 39%]
tests/test_langgraph_advanced.py::TestQueryAnalyzer::test_calculate_complex_complexity PASSED [ 39%]
tests/test_langgraph_advanced.py::TestQueryAnalyzer::test_decompose_composite_query PASSED [ 39%]
tests/test_langgraph_advanced.py::TestQueryAnalyzer::test_determine_tools_metric PASSED [ 39%]
tests/test_langgraph_advanced.py::TestQueryAnalyzer::test_determine_tools_graph PASSED [ 40%]
tests/test_langgraph_advanced.py::TestQueryAnalyzer::test_extract_conditions_if_then PASSED [ 40%]
tests/test_langgraph_advanced.py::TestQueryAnalyzer::test_analyze_full_query PASSED [ 40%]
tests/test_langgraph_advanced.py::TestConditionalRouter::test_should_execute_default PASSED [ 40%]
tests/test_langgraph_advanced.py::TestConditionalRouter::test_should_execute_respects_depth_limit PASSED [ 41%]
tests/test_langgraph_advanced.py::TestConditionalRouter::test_choose_path_first_option PASSED [ 41%]
tests/test_langgraph_advanced.py::TestConditionalRouter::test_evaluate_condition_error PASSED [ 41%]
tests/test_langgraph_advanced.py::TestConditionalRouter::test_evaluate_condition_empty PASSED [ 41%]
tests/test_langgraph_advanced.py::TestConditionalRouter::test_evaluate_condition_complex PASSED [ 42%]
tests/test_langgraph_advanced.py::TestToolComposer::test_register_tool PASSED [ 42%]
tests/test_langgraph_advanced.py::TestToolComposer::test_compose_single_tool PASSED [ 42%]
tests/test_langgraph_advanced.py::TestToolComposer::test_compose_multiple_tools PASSED [ 42%]
tests/test_langgraph_advanced.py::TestToolComposer::test_compose_nonexistent_tool PASSED [ 43%]
tests/test_langgraph_advanced.py::TestToolComposer::test_compose_with_dependencies_simple PASSED [ 43%]
tests/test_langgraph_advanced.py::TestToolComposer::test_compose_with_dependencies_multiple PASSED [ 43%]
tests/test_langgraph_advanced.py::TestLangGraphAdvancedRunner::test_initialization PASSED [ 43%]
tests/test_langgraph_advanced.py::TestLangGraphAdvancedRunner::test_missing_api_key PASSED [ 44%]
tests/test_langgraph_advanced.py::TestLangGraphAdvancedRunner::test_run_simple_query PASSED [ 44%]
tests/test_langgraph_advanced.py::TestLangGraphAdvancedRunner::test_run_complex_query PASSED [ 44%]
tests/test_langgraph_advanced.py::TestLangGraphAdvancedRunner::test_run_with_depth_limit PASSED [ 44%]
tests/test_langgraph_advanced.py::TestLangGraphAdvancedRunner::test_run_sequential_mode PASSED [ 45%]
tests/test_langgraph_advanced.py::TestLangGraphAdvancedRunner::test_run_parallel_mode PASSED [ 45%]
tests/test_langgraph_advanced.py::TestLangGraphAdvancedRunner::test_run_hybrid_mode PASSED [ 45%]
tests/test_langgraph_advanced.py::TestLangGraphAdvancedRunner::test_execute_simple_returns_blocks PASSED [ 45%]
tests/test_langgraph_advanced.py::TestLangGraphAdvancedRunner::test_execute_decomposed_returns_blocks PASSED [ 46%]
tests/test_langgraph_advanced.py::TestLangGraphAdvancedRunner::test_build_summary_block PASSED [ 46%]
tests/test_langgraph_advanced.py::TestExecutionState::test_execution_state_creation PASSED [ 46%]
tests/test_langgraph_advanced.py::TestExecutionState::test_execution_state_tracking PASSED [ 46%]
tests/test_langgraph_advanced.py::TestIntegration::test_full_workflow_simple_to_complex PASSED [ 47%]
tests/test_langgraph_advanced.py::TestIntegration::test_query_analysis_to_execution PASSED [ 47%]
tests/test_migration_final.py::test_streaming_migration PASSED           [ 47%]
tests/test_migration_final.py::test_embedding_migration PASSED           [ 47%]
tests/test_migration_final.py::test_llm_client_output_parsing PASSED     [ 48%]
tests/test_openai.py::test_openai_stream_hello PASSED                    [ 48%]
tests/test_operation_settings.py::test_get_all_operation_settings PASSED [ 48%]
tests/test_operation_settings.py::test_get_ops_mode_setting PASSED       [ 48%]
tests/test_operation_settings.py::test_get_unknown_setting PASSED        [ 49%]
tests/test_operation_settings.py::test_update_ops_mode_setting PASSED    [ 49%]
tests/test_operation_settings.py::test_update_setting_with_invalid_value PASSED [ 49%]
tests/test_operation_settings.py::test_update_setting_with_wrong_type PASSED [ 50%]
tests/test_operation_settings.py::test_update_boolean_setting PASSED     [ 50%]
tests/test_operation_settings.py::test_setting_persistence_across_requests PASSED [ 50%]
tests/test_operation_settings.py::test_setting_missing_value_field PASSED [ 50%]
tests/test_ops_executor_tool_contracts.py::TestExecutorResultStructure::test_executor_result_creation PASSED [ 51%]
tests/test_ops_executor_tool_contracts.py::TestExecutorResultStructure::test_executor_result_with_defaults PASSED [ 51%]
tests/test_ops_executor_tool_contracts.py::TestExecutorResultStructure::test_executor_result_serialization PASSED [ 51%]
tests/test_ops_executor_tool_contracts.py::TestMetricExecutorToolContract::test_metric_executor_structure_can_be_verified PASSED [ 51%]
tests/test_ops_executor_tool_contracts.py::TestMetricExecutorToolContract::test_hist_executor_structure_can_be_verified PASSED [ 52%]
tests/test_ops_executor_tool_contracts.py::TestHistExecutorToolContract::test_hist_executor_can_be_imported PASSED [ 52%]
tests/test_ops_executor_tool_contracts.py::TestGraphExecutorToolContract::test_graph_executor_can_be_imported PASSED [ 52%]
tests/test_ops_executor_tool_contracts.py::TestExecutorBackwardCompatibility::test_normalize_real_result_with_executor_result PASSED [ 52%]
tests/test_ops_executor_tool_contracts.py::TestExecutorBackwardCompatibility::test_normalize_real_result_with_legacy_tuple PASSED [ 53%]
tests/test_ops_executor_tool_contracts.py::TestExecutorBackwardCompatibility::test_normalize_real_result_with_legacy_tuple_and_error PASSED [ 53%]
tests/test_ops_executor_tool_contracts.py::TestToolCallSerialization::test_executor_result_tool_calls_serialize_correctly PASSED [ 53%]
tests/test_ops_executor_tool_contracts.py::TestReferenceExtraction::test_reference_extraction_from_references_block PASSED [ 53%]
tests/test_ops_executor_tool_contracts.py::TestReferenceExtraction::test_empty_references_handling PASSED [ 54%]
tests/test_ops_resolvers.py::test_ci_resolver_exact_code PASSED          [ 54%]
tests/test_ops_resolvers.py::test_ci_resolver_name_fallback PASSED       [ 54%]
tests/test_ops_resolvers.py::test_metric_resolver_cpu PASSED             [ 54%]
tests/test_ops_resolvers.py::test_time_range_last_7_days PASSED          [ 55%]
tests/test_ops_resolvers.py::test_time_range_month_2025_12 PASSED        [ 55%]
tests/test_ops_service.py::test_handle_ops_query_mock_mode_uses_mock_blocks PASSED [ 55%]
tests/test_ops_service.py::test_handle_ops_query_real_mode_fallbacks_and_flags_error PASSED [ 55%]
tests/test_ops_service.py::test_ops_metric_real_blocks_shape PASSED      [ 56%]
tests/test_ops_service.py::test_ops_hist_real_blocks_shape PASSED        [ 56%]
tests/test_ops_service.py::test_ops_graph_real_blocks_shape PASSED       [ 56%]
tests/test_ops_service.py::test_ops_all_real_blocks_shape FAILED         [ 56%]
tests/test_ops_service.py::test_ops_all_langgraph_without_key_falls_back FAILED [ 57%]
tests/test_ops_service.py::test_ops_all_partial_failure FAILED           [ 57%]
tests/test_ops_service.py::test_ops_config_placeholder PASSED            [ 57%]
tests/test_ops_service.py::test_ops_config_real_blocks_shape PASSED      [ 57%]
tests/test_permissions.py::TestRolePermissions::test_admin_permissions PASSED [ 58%]
tests/test_permissions.py::TestRolePermissions::test_manager_permissions FAILED [ 58%]
tests/test_permissions.py::TestRolePermissions::test_developer_permissions PASSED [ 58%]
tests/test_permissions.py::TestRolePermissions::test_viewer_permissions PASSED [ 58%]
tests/test_permissions.py::TestRolePermissions::test_initialize_role_permissions ERROR [ 59%]
tests/test_permissions.py::TestPermissionChecks::test_admin_check_permission ERROR [ 59%]
tests/test_permissions.py::TestPermissionChecks::test_developer_can_create_api ERROR [ 59%]
tests/test_permissions.py::TestPermissionChecks::test_developer_cannot_delete_api ERROR [ 59%]
tests/test_permissions.py::TestPermissionChecks::test_viewer_can_read ERROR [ 60%]
tests/test_permissions.py::TestPermissionChecks::test_viewer_cannot_write ERROR [ 60%]
tests/test_permissions.py::TestResourcePermissions::test_grant_resource_permission ERROR [ 60%]
tests/test_permissions.py::TestResourcePermissions::test_grant_resource_type_permission ERROR [ 60%]
tests/test_permissions.py::TestResourcePermissions::test_check_resource_specific_permission ERROR [ 61%]
tests/test_permissions.py::TestResourcePermissions::test_check_resource_type_permission ERROR [ 61%]
tests/test_permissions.py::TestResourcePermissions::test_revoke_resource_permission ERROR [ 61%]
tests/test_permissions.py::TestPermissionExpiration::test_expired_permission_denied ERROR [ 61%]
tests/test_permissions.py::TestPermissionExpiration::test_future_permission_allowed ERROR [ 62%]
tests/test_permissions.py::TestListPermissions::test_list_user_permissions ERROR [ 62%]
tests/test_plan_multistep.py::TestBudgetSpec::test_budget_spec_defaults PASSED [ 62%]
tests/test_plan_multistep.py::TestBudgetSpec::test_budget_spec_custom_values PASSED [ 63%]
tests/test_plan_multistep.py::TestStepCondition::test_step_condition_equality PASSED [ 63%]
tests/test_plan_multistep.py::TestStepCondition::test_step_condition_numeric_value PASSED [ 63%]
tests/test_plan_multistep.py::TestPlanStep::test_plan_step_minimal PASSED [ 63%]
tests/test_plan_multistep.py::TestPlanStep::test_plan_step_with_navigation PASSED [ 64%]
tests/test_plan_multistep.py::TestPlanStep::test_plan_step_with_condition PASSED [ 64%]
tests/test_plan_multistep.py::TestPlanBranch::test_plan_branch_creation PASSED [ 64%]
tests/test_plan_multistep.py::TestPlanBranch::test_plan_branch_with_steps PASSED [ 64%]
tests/test_plan_multistep.py::TestPlanLoop::test_plan_loop_creation PASSED [ 65%]
tests/test_plan_multistep.py::TestPlanLoop::test_plan_loop_with_break_condition PASSED [ 65%]
tests/test_plan_multistep.py::TestPlanMultiStep::test_plan_single_step_execution PASSED [ 65%]
tests/test_plan_multistep.py::TestPlanMultiStep::test_plan_multi_step_sequence PASSED [ 65%]
tests/test_plan_multistep.py::TestPlanMultiStep::test_plan_with_branches PASSED [ 66%]
tests/test_plan_multistep.py::TestPlanMultiStep::test_plan_with_loops PASSED [ 66%]
tests/test_plan_multistep.py::TestPlanValidation::test_validate_simple_plan_success PASSED [ 66%]
tests/test_plan_multistep.py::TestPlanValidation::test_validate_duplicate_step_ids_fails PASSED [ 66%]
tests/test_plan_multistep.py::TestPlanValidation::test_validate_invalid_next_step_reference_fails PASSED [ 67%]
tests/test_plan_multistep.py::TestPlanValidation::test_validate_budget_exceeded_fails PASSED [ 67%]
tests/test_plan_multistep.py::TestPlanValidation::test_validate_with_custom_budget PASSED [ 67%]
tests/test_plan_multistep.py::TestPlanValidation::test_validate_multistep_disabled PASSED [ 67%]
tests/test_plan_multistep.py::TestPlanValidation::test_validate_complex_plan PASSED [ 68%]
tests/test_plan_multistep.py::TestPlanValidation::test_validate_timeout_invalid_range PASSED [ 68%]
tests/test_plan_multistep.py::TestPlanValidation::test_validate_timeout_exceeds_maximum PASSED [ 68%]
tests/test_plan_multistep.py::TestPlanValidation::test_validate_timeout_valid_range PASSED [ 68%]
tests/test_plan_multistep.py::TestPlanValidation::test_validate_max_depth_invalid_range PASSED [ 69%]
tests/test_plan_multistep.py::TestPlanValidation::test_validate_max_depth_exceeds_maximum PASSED [ 69%]
tests/test_plan_multistep.py::TestPlanValidation::test_validate_max_depth_valid_range PASSED [ 69%]
tests/test_screen_editor_auth.py::TestScreenEditorAuth::test_save_draft_requires_auth FAILED [ 69%]
tests/test_screen_editor_auth.py::TestScreenEditorAuth::test_save_draft_with_valid_token SKIPPED [ 70%]
tests/test_screen_editor_auth.py::TestScreenEditorAuth::test_invalid_token_rejected FAILED [ 70%]
tests/test_screen_editor_auth.py::TestScreenEditorAuth::test_missing_authorization_header_error FAILED [ 70%]
tests/test_screen_editor_auth.py::TestScreenEditorAuth::test_publish_requires_auth SKIPPED [ 70%]
tests/test_screen_editor_auth.py::TestScreenEditorAuth::test_rollback_requires_auth SKIPPED [ 71%]
tests/test_screen_editor_auth.py::TestScreenEditorAuthFlow::test_complete_screen_save_workflow SKIPPED [ 71%]
tests/test_screen_editor_auth.py::TestScreenEditorAuthFlow::test_publish_invalid_asset_returns_validation_error SKIPPED [ 71%]
tests/test_screen_editor_auth.py::TestScreenEditorAuthFlow::test_stage_published_endpoint_blocks_drafts SKIPPED [ 71%]
tests/test_screen_editor_auth.py::TestScreenEditorAuthFlow::test_token_in_authorization_header SKIPPED [ 72%]
tests/test_security_headers.py::TestSecurityHeaders::test_hsts_header_present PASSED [ 72%]
tests/test_security_headers.py::TestSecurityHeaders::test_hsts_include_subdomains PASSED [ 72%]
tests/test_security_headers.py::TestSecurityHeaders::test_csp_header_present PASSED [ 72%]
tests/test_security_headers.py::TestSecurityHeaders::test_x_frame_options_header PASSED [ 73%]
tests/test_security_headers.py::TestSecurityHeaders::test_x_content_type_options_header PASSED [ 73%]
tests/test_security_headers.py::TestSecurityHeaders::test_x_xss_protection_header PASSED [ 73%]
tests/test_security_headers.py::TestSecurityHeaders::test_referrer_policy_header PASSED [ 73%]
tests/test_security_headers.py::TestSecurityHeaders::test_permissions_policy_header PASSED [ 74%]
tests/test_security_headers.py::TestSecurityHeaders::test_headers_disabled PASSED [ 74%]
tests/test_security_headers.py::TestHTTPSRedirect::test_http_to_https_redirect PASSED [ 74%]
tests/test_security_headers.py::TestHTTPSRedirect::test_health_check_no_redirect PASSED [ 75%]
tests/test_security_headers.py::TestHTTPSRedirect::test_no_redirect_in_dev PASSED [ 75%]
tests/test_security_headers.py::TestHTTPSRedirect::test_redirect_disabled PASSED [ 75%]
tests/test_security_headers.py::TestCSRFMiddleware::test_csrf_token_on_get PASSED [ 75%]
tests/test_security_headers.py::TestCSRFMiddleware::test_csrf_token_in_header PASSED [ 76%]
tests/test_security_headers.py::TestCSRFMiddleware::test_csrf_token_mismatch PASSED [ 76%]
tests/test_security_headers.py::TestCSRFMiddleware::test_trusted_origin_bypass PASSED [ 76%]
tests/test_security_headers.py::TestCSRFMiddleware::test_csrf_disabled PASSED [ 76%]
tests/test_security_headers.py::TestCORSConfig::test_cors_origins_list PASSED [ 77%]
tests/test_security_headers.py::TestCORSConfig::test_cors_allow_credentials PASSED [ 77%]
tests/test_security_headers.py::TestCORSConfig::test_cors_allowed_methods PASSED [ 77%]
tests/test_security_headers.py::TestCORSConfig::test_cors_allowed_headers PASSED [ 77%]
tests/test_security_headers.py::TestCORSConfig::test_cors_exposed_headers PASSED [ 78%]
tests/test_security_headers.py::TestCORSConfig::test_cors_max_age PASSED [ 78%]
tests/test_security_headers.py::TestCORSConfig::test_cors_validate_origin PASSED [ 78%]
tests/test_security_headers.py::TestAddSecurityMiddleware::test_add_all_middleware PASSED [ 78%]
tests/test_security_headers.py::TestIntegration::test_full_security_stack PASSED [ 79%]
tests/test_security_headers.py::TestIntegration::test_health_endpoint_unaffected PASSED [ 79%]
tests/test_stage_executor.py::TestStageExecutor::test_initialization PASSED [ 79%]
tests/test_stage_executor.py::TestStageExecutor::test_resolve_asset_no_override PASSED [ 79%]
tests/test_stage_executor.py::TestStageExecutor::test_resolve_asset_with_override PASSED [ 80%]
tests/test_stage_executor.py::TestStageExecutor::test_execute_stage_route_plan PASSED [ 80%]
tests/test_stage_executor.py::TestStageExecutor::test_execute_stage_with_error PASSED [ 80%]
tests/test_stage_executor.py::TestStageExecutor::test_build_diagnostics_success PASSED [ 80%]
tests/test_stage_executor.py::TestStageExecutor::test_build_diagnostics_empty_result PASSED [ 81%]
tests/test_stage_executor.py::TestStageExecutor::test_build_diagnostics_with_errors PASSED [ 81%]
tests/test_stage_executor.py::TestStageExecutor::test_stage_input_output_tracking PASSED [ 81%]
tests/test_stage_executor.py::TestStageExecutor::test_multiple_stages_execution PASSED [ 81%]
tests/test_stage_executor.py::TestStageExecutor::test_test_mode_flag PASSED [ 82%]
tests/test_stage_executor.py::TestStageExecutor::test_baseline_comparison PASSED [ 82%]
tests/test_stage_executor.py::TestStageExecutor::test_diagnostics_counts PASSED [ 82%]
tests/test_stage_executor.py::TestStageExecutor::test_stage_unknown_handler PASSED [ 82%]
tests/test_stage_executor.py::TestStageExecutor::test_stage_with_references PASSED [ 83%]
tests/test_stage_executor.py::TestStageDiagnostics::test_diagnostics_creation PASSED [ 83%]
tests/test_stage_executor.py::TestStageDiagnostics::test_diagnostics_with_warnings PASSED [ 83%]
tests/test_stage_executor.py::TestStageDiagnostics::test_diagnostics_with_errors PASSED [ 83%]
tests/test_stage_executor.py::TestExecutionContext::test_context_creation PASSED [ 84%]
tests/test_stage_executor.py::TestExecutionContext::test_context_defaults PASSED [ 84%]
tests/test_trace_id.py::test_ops_query_includes_trace_id PASSED          [ 84%]
tests/test_trace_id.py::test_ops_ci_ask_includes_trace_id PASSED         [ 84%]
tests/test_trace_id.py::test_trace_id_persists_across_requests PASSED    [ 85%]
tests/test_trace_id.py::test_parent_trace_id_in_response PASSED          [ 85%]
tests/test_ui_actions_with_traces.py::test_list_maintenance_filtered_with_state_patch FAILED [ 85%]
tests/test_ui_actions_with_traces.py::test_create_maintenance_ticket_with_state_patch FAILED [ 85%]
tests/test_ui_actions_with_traces.py::test_ui_action_response_includes_state_patch PASSED [ 86%]
tests/test_ui_actions_with_traces.py::test_executor_result_includes_state_patch PASSED [ 86%]
tests/test_ui_contract.py::TestUIScreenBlock::test_ui_screen_block_structure PASSED [ 86%]
tests/test_ui_contract.py::TestUIScreenBlock::test_ui_screen_block_in_answer_block_union PASSED [ 86%]
tests/test_ui_contract.py::TestUIScreenBlock::test_ui_screen_block_optional_fields PASSED [ 87%]
tests/test_ui_contract.py::TestScreenAsset::test_screen_asset_create_schema PASSED [ 87%]
tests/test_ui_contract.py::TestScreenAsset::test_screen_asset_read_schema PASSED [ 87%]
tests/test_ui_contract.py::TestScreenAsset::test_screen_asset_with_tags PASSED [ 88%]
tests/test_ui_contract.py::TestBindingEngine::test_binding_dot_path_access PASSED [ 88%]
tests/test_ui_contract.py::TestBindingEngine::test_binding_missing_path PASSED [ 88%]
tests/test_ui_contract.py::TestBindingEngine::test_binding_render_inputs PASSED [ 88%]
tests/test_ui_contract.py::TestBindingEngine::test_binding_render_state PASSED [ 89%]
tests/test_ui_contract.py::TestBindingEngine::test_binding_render_context PASSED [ 89%]
tests/test_ui_contract.py::TestBindingEngine::test_binding_render_trace_id PASSED [ 89%]
tests/test_ui_contract.py::TestBindingEngine::test_binding_missing_required_value PASSED [ 89%]
tests/test_ui_contract.py::TestBindingEngine::test_binding_no_expressions PASSED [ 90%]
tests/test_ui_contract.py::TestBindingEngine::test_binding_type_preservation PASSED [ 90%]
tests/test_ui_contract.py::TestBindingEngine::test_binding_partial_expression_converts_to_string PASSED [ 90%]
tests/test_ui_contract.py::TestBindingEngine::test_binding_validate_template PASSED [ 90%]
tests/test_ui_contract.py::TestBindingEngine::test_binding_mask_sensitive_inputs PASSED [ 91%]
tests/test_ui_contract.py::TestActionRegistry::test_action_registry_register_handler PASSED [ 91%]
tests/test_ui_contract.py::TestActionRegistry::test_action_registry_multiple_handlers PASSED [ 91%]
tests/test_ui_contract.py::TestIntegration::test_screen_asset_and_ui_screen_block_integration PASSED [ 91%]
tests/test_ui_contract.py::TestIntegration::test_binding_with_action_payload PASSED [ 92%]
tests/unit/test_api_manager.py::TestSQLValidator::test_validator_initialization PASSED [ 92%]
tests/unit/test_api_manager.py::TestSQLValidator::test_safe_select_query PASSED [ 92%]
tests/unit/test_api_manager.py::TestSQLValidator::test_dangerous_drop_keyword PASSED [ 92%]
tests/unit/test_api_manager.py::TestSQLValidator::test_dangerous_truncate_keyword PASSED [ 93%]
tests/unit/test_api_manager.py::TestSQLValidator::test_dangerous_delete_keyword PASSED [ 93%]
tests/unit/test_api_manager.py::TestSQLValidator::test_sql_injection_pattern_detection PASSED [ 93%]
tests/unit/test_api_manager.py::TestSQLValidator::test_protected_table_detection PASSED [ 93%]
tests/unit/test_api_manager.py::TestSQLValidator::test_performance_warning_select_star PASSED [ 94%]
tests/unit/test_api_manager.py::TestSQLValidator::test_performance_warning_missing_where PASSED [ 94%]
tests/unit/test_api_manager.py::TestSQLValidator::test_performance_warning_like_wildcard PASSED [ 94%]
tests/unit/test_api_manager.py::TestSQLValidator::test_table_extraction PASSED [ 94%]
tests/unit/test_api_manager.py::TestSQLValidator::test_validation_result_to_dict PASSED [ 95%]
tests/unit/test_api_manager.py::TestSQLValidator::test_multiple_joins_warning PASSED [ 95%]
tests/unit/test_api_manager.py::TestSQLValidator::test_or_conditions_warning PASSED [ 95%]
tests/unit/test_api_manager.py::TestSQLValidator::test_complex_valid_query PASSED [ 95%]
tests/unit/test_document_processor.py::TestDocumentProcessor::test_processor_initialization PASSED [ 96%]
tests/unit/test_document_processor.py::TestDocumentProcessor::test_supported_formats PASSED [ 96%]
tests/unit/test_document_processor.py::TestDocumentProcessor::test_invalid_format_raises_error PASSED [ 96%]
tests/unit/test_document_processor.py::TestDocumentProcessor::test_unsupported_file_format PASSED [ 96%]
tests/unit/test_document_processor.py::TestChunkingStrategy::test_split_sentences PASSED [ 97%]
tests/unit/test_document_processor.py::TestChunkingStrategy::test_chunk_text_basic PASSED [ 97%]
tests/unit/test_document_processor.py::TestChunkingStrategy::test_chunk_text_empty PASSED [ 97%]
tests/unit/test_document_processor.py::TestChunkingStrategy::test_chunk_table_basic PASSED [ 97%]
tests/unit/test_document_processor.py::TestChunkingStrategy::test_compute_source_hash PASSED [ 98%]
tests/unit/test_document_processor.py::TestChunkingStrategy::test_has_content_changed PASSED [ 98%]
tests/unit/test_document_processor.py::TestDocumentExportService::test_export_to_json PASSED [ 98%]
tests/unit/test_document_processor.py::TestDocumentExportService::test_export_to_csv PASSED [ 98%]
tests/unit/test_document_processor.py::TestDocumentExportService::test_export_to_markdown PASSED [ 99%]
tests/unit/test_document_processor.py::TestDocumentExportService::test_export_to_text PASSED [ 99%]
tests/unit/test_document_processor.py::TestDocumentExportService::test_export_chunks_format_selection PASSED [ 99%]
tests/unit/test_document_processor.py::TestDocumentExportService::test_export_unsupported_format PASSED [100%]

==================================== ERRORS ====================================
_____________ ERROR at setup of TestApiKeyCrud.test_create_api_key _____________
.venv/lib/python3.12/site-packages/sqlalchemy/engine/base.py:1967: in _exec_single_context
    self.dialect.do_execute(
.venv/lib/python3.12/site-packages/sqlalchemy/engine/default.py:952: in do_execute
    cursor.execute(statement, parameters)
E   sqlite3.OperationalError: index ix_tb_user_tenant_id already exists

The above exception was the direct cause of the following exception:
tests/test_api_keys.py:39: in session
    TbUser.metadata.create_all(engine)
.venv/lib/python3.12/site-packages/sqlalchemy/sql/schema.py:5928: in create_all
    bind._run_ddl_visitor(
.venv/lib/python3.12/site-packages/sqlalchemy/engine/base.py:3260: in _run_ddl_visitor
    conn._run_ddl_visitor(visitorcallable, element, **kwargs)
.venv/lib/python3.12/site-packages/sqlalchemy/engine/base.py:2467: in _run_ddl_visitor
    ).traverse_single(element)
      ^^^^^^^^^^^^^^^^^^^^^^^^
.venv/lib/python3.12/site-packages/sqlalchemy/sql/visitors.py:661: in traverse_single
    return meth(obj, **kw)
           ^^^^^^^^^^^^^^^
.venv/lib/python3.12/site-packages/sqlalchemy/sql/ddl.py:984: in visit_metadata
    self.traverse_single(
.venv/lib/python3.12/site-packages/sqlalchemy/sql/visitors.py:661: in traverse_single
    return meth(obj, **kw)
           ^^^^^^^^^^^^^^^
.venv/lib/python3.12/site-packages/sqlalchemy/sql/ddl.py:1026: in visit_table
    self.traverse_single(index, create_ok=True)
.venv/lib/python3.12/site-packages/sqlalchemy/sql/visitors.py:661: in traverse_single
    return meth(obj, **kw)
           ^^^^^^^^^^^^^^^
.venv/lib/python3.12/site-packages/sqlalchemy/sql/ddl.py:1063: in visit_index
    CreateIndex(index)._invoke_with(self.connection)
.venv/lib/python3.12/site-packages/sqlalchemy/sql/ddl.py:321: in _invoke_with
    return bind.execute(self)
           ^^^^^^^^^^^^^^^^^^
.venv/lib/python3.12/site-packages/sqlalchemy/engine/base.py:1419: in execute
    return meth(
.venv/lib/python3.12/site-packages/sqlalchemy/sql/ddl.py:187: in _execute_on_connection
    return connection._execute_ddl(
.venv/lib/python3.12/site-packages/sqlalchemy/engine/base.py:1530: in _execute_ddl
    ret = self._execute_context(
.venv/lib/python3.12/site-packages/sqlalchemy/engine/base.py:1846: in _execute_context
    return self._exec_single_context(
.venv/lib/python3.12/site-packages/sqlalchemy/engine/base.py:1986: in _exec_single_context
    self._handle_dbapi_exception(
.venv/lib/python3.12/site-packages/sqlalchemy/engine/base.py:2363: in _handle_dbapi_exception
    raise sqlalchemy_exception.with_traceback(exc_info[2]) from e
.venv/lib/python3.12/site-packages/sqlalchemy/engine/base.py:1967: in _exec_single_context
    self.dialect.do_execute(
.venv/lib/python3.12/site-packages/sqlalchemy/engine/default.py:952: in do_execute
    cursor.execute(statement, parameters)
E   sqlalchemy.exc.OperationalError: (sqlite3.OperationalError) index ix_tb_user_tenant_id already exists
E   [SQL: CREATE INDEX ix_tb_user_tenant_id ON tb_user (tenant_id)]
E   (Background on this error at: https://sqlalche.me/e/20/e3q8)
_____ ERROR at setup of TestApiKeyCrud.test_create_api_key_with_expiration _____
.venv/lib/python3.12/site-packages/sqlalchemy/engine/base.py:1967: in _exec_single_context
    self.dialect.do_execute(
.venv/lib/python3.12/site-packages/sqlalchemy/engine/default.py:952: in do_execute
    cursor.execute(statement, parameters)
E   sqlite3.OperationalError: index ix_tb_user_tenant_id already exists

The above exception was the direct cause of the following exception:
tests/test_api_keys.py:39: in session
    TbUser.metadata.create_all(engine)
.venv/lib/python3.12/site-packages/sqlalchemy/sql/schema.py:5928: in create_all
    bind._run_ddl_visitor(
.venv/lib/python3.12/site-packages/sqlalchemy/engine/base.py:3260: in _run_ddl_visitor
    conn._run_ddl_visitor(visitorcallable, element, **kwargs)
.venv/lib/python3.12/site-packages/sqlalchemy/engine/base.py:2467: in _run_ddl_visitor
    ).traverse_single(element)
      ^^^^^^^^^^^^^^^^^^^^^^^^
.venv/lib/python3.12/site-packages/sqlalchemy/sql/visitors.py:661: in traverse_single
    return meth(obj, **kw)
           ^^^^^^^^^^^^^^^
.venv/lib/python3.12/site-packages/sqlalchemy/sql/ddl.py:984: in visit_metadata
    self.traverse_single(
.venv/lib/python3.12/site-packages/sqlalchemy/sql/visitors.py:661: in traverse_single
    return meth(obj, **kw)
           ^^^^^^^^^^^^^^^
.venv/lib/python3.12/site-packages/sqlalchemy/sql/ddl.py:1026: in visit_table
    self.traverse_single(index, create_ok=True)
.venv/lib/python3.12/site-packages/sqlalchemy/sql/visitors.py:661: in traverse_single
    return meth(obj, **kw)
           ^^^^^^^^^^^^^^^
.venv/lib/python3.12/site-packages/sqlalchemy/sql/ddl.py:1063: in visit_index
    CreateIndex(index)._invoke_with(self.connection)
.venv/lib/python3.12/site-packages/sqlalchemy/sql/ddl.py:321: in _invoke_with
    return bind.execute(self)
           ^^^^^^^^^^^^^^^^^^
.venv/lib/python3.12/site-packages/sqlalchemy/engine/base.py:1419: in execute
    return meth(
.venv/lib/python3.12/site-packages/sqlalchemy/sql/ddl.py:187: in _execute_on_connection
    return connection._execute_ddl(
.venv/lib/python3.12/site-packages/sqlalchemy/engine/base.py:1530: in _execute_ddl
    ret = self._execute_context(
.venv/lib/python3.12/site-packages/sqlalchemy/engine/base.py:1846: in _execute_context
    return self._exec_single_context(
.venv/lib/python3.12/site-packages/sqlalchemy/engine/base.py:1986: in _exec_single_context
    self._handle_dbapi_exception(
.venv/lib/python3.12/site-packages/sqlalchemy/engine/base.py:2363: in _handle_dbapi_exception
    raise sqlalchemy_exception.with_traceback(exc_info[2]) from e
.venv/lib/python3.12/site-packages/sqlalchemy/engine/base.py:1967: in _exec_single_context
    self.dialect.do_execute(
.venv/lib/python3.12/site-packages/sqlalchemy/engine/default.py:952: in do_execute
    cursor.execute(statement, parameters)
E   sqlalchemy.exc.OperationalError: (sqlite3.OperationalError) index ix_tb_user_tenant_id already exists
E   [SQL: CREATE INDEX ix_tb_user_tenant_id ON tb_user (tenant_id)]
E   (Background on this error at: https://sqlalche.me/e/20/e3q8)
_________ ERROR at setup of TestApiKeyCrud.test_validate_api_key_valid _________
.venv/lib/python3.12/site-packages/sqlalchemy/engine/base.py:1967: in _exec_single_context
    self.dialect.do_execute(
.venv/lib/python3.12/site-packages/sqlalchemy/engine/default.py:952: in do_execute
    cursor.execute(statement, parameters)
E   sqlite3.OperationalError: index ix_tb_user_tenant_id already exists

The above exception was the direct cause of the following exception:
tests/test_api_keys.py:39: in session
    TbUser.metadata.create_all(engine)
.venv/lib/python3.12/site-packages/sqlalchemy/sql/schema.py:5928: in create_all
    bind._run_ddl_visitor(
.venv/lib/python3.12/site-packages/sqlalchemy/engine/base.py:3260: in _run_ddl_visitor
    conn._run_ddl_visitor(visitorcallable, element, **kwargs)
.venv/lib/python3.12/site-packages/sqlalchemy/engine/base.py:2467: in _run_ddl_visitor
    ).traverse_single(element)
      ^^^^^^^^^^^^^^^^^^^^^^^^
.venv/lib/python3.12/site-packages/sqlalchemy/sql/visitors.py:661: in traverse_single
    return meth(obj, **kw)
           ^^^^^^^^^^^^^^^
.venv/lib/python3.12/site-packages/sqlalchemy/sql/ddl.py:984: in visit_metadata
    self.traverse_single(
.venv/lib/python3.12/site-packages/sqlalchemy/sql/visitors.py:661: in traverse_single
    return meth(obj, **kw)
           ^^^^^^^^^^^^^^^
.venv/lib/python3.12/site-packages/sqlalchemy/sql/ddl.py:1026: in visit_table
    self.traverse_single(index, create_ok=True)
.venv/lib/python3.12/site-packages/sqlalchemy/sql/visitors.py:661: in traverse_single
    return meth(obj, **kw)
           ^^^^^^^^^^^^^^^
.venv/lib/python3.12/site-packages/sqlalchemy/sql/ddl.py:1063: in visit_index
    CreateIndex(index)._invoke_with(self.connection)
.venv/lib/python3.12/site-packages/sqlalchemy/sql/ddl.py:321: in _invoke_with
    return bind.execute(self)
           ^^^^^^^^^^^^^^^^^^
.venv/lib/python3.12/site-packages/sqlalchemy/engine/base.py:1419: in execute
    return meth(
.venv/lib/python3.12/site-packages/sqlalchemy/sql/ddl.py:187: in _execute_on_connection
    return connection._execute_ddl(
.venv/lib/python3.12/site-packages/sqlalchemy/engine/base.py:1530: in _execute_ddl
    ret = self._execute_context(
.venv/lib/python3.12/site-packages/sqlalchemy/engine/base.py:1846: in _execute_context
    return self._exec_single_context(
.venv/lib/python3.12/site-packages/sqlalchemy/engine/base.py:1986: in _exec_single_context
    self._handle_dbapi_exception(
.venv/lib/python3.12/site-packages/sqlalchemy/engine/base.py:2363: in _handle_dbapi_exception
    raise sqlalchemy_exception.with_traceback(exc_info[2]) from e
.venv/lib/python3.12/site-packages/sqlalchemy/engine/base.py:1967: in _exec_single_context
    self.dialect.do_execute(
.venv/lib/python3.12/site-packages/sqlalchemy/engine/default.py:952: in do_execute
    cursor.execute(statement, parameters)
E   sqlalchemy.exc.OperationalError: (sqlite3.OperationalError) index ix_tb_user_tenant_id already exists
E   [SQL: CREATE INDEX ix_tb_user_tenant_id ON tb_user (tenant_id)]
E   (Background on this error at: https://sqlalche.me/e/20/e3q8)
________ ERROR at setup of TestApiKeyCrud.test_validate_api_key_invalid ________
.venv/lib/python3.12/site-packages/sqlalchemy/engine/base.py:1967: in _exec_single_context
    self.dialect.do_execute(
.venv/lib/python3.12/site-packages/sqlalchemy/engine/default.py:952: in do_execute
    cursor.execute(statement, parameters)
E   sqlite3.OperationalError: index ix_tb_user_tenant_id already exists

The above exception was the direct cause of the following exception:
tests/test_api_keys.py:39: in session
    TbUser.metadata.create_all(engine)
.venv/lib/python3.12/site-packages/sqlalchemy/sql/schema.py:5928: in create_all
    bind._run_ddl_visitor(
.venv/lib/python3.12/site-packages/sqlalchemy/engine/base.py:3260: in _run_ddl_visitor
    conn._run_ddl_visitor(visitorcallable, element, **kwargs)
.venv/lib/python3.12/site-packages/sqlalchemy/engine/base.py:2467: in _run_ddl_visitor
    ).traverse_single(element)
      ^^^^^^^^^^^^^^^^^^^^^^^^
.venv/lib/python3.12/site-packages/sqlalchemy/sql/visitors.py:661: in traverse_single
    return meth(obj, **kw)
           ^^^^^^^^^^^^^^^
.venv/lib/python3.12/site-packages/sqlalchemy/sql/ddl.py:984: in visit_metadata
    self.traverse_single(
.venv/lib/python3.12/site-packages/sqlalchemy/sql/visitors.py:661: in traverse_single
    return meth(obj, **kw)
           ^^^^^^^^^^^^^^^
.venv/lib/python3.12/site-packages/sqlalchemy/sql/ddl.py:1026: in visit_table
    self.traverse_single(index, create_ok=True)
.venv/lib/python3.12/site-packages/sqlalchemy/sql/visitors.py:661: in traverse_single
    return meth(obj, **kw)
           ^^^^^^^^^^^^^^^
.venv/lib/python3.12/site-packages/sqlalchemy/sql/ddl.py:1063: in visit_index
    CreateIndex(index)._invoke_with(self.connection)
.venv/lib/python3.12/site-packages/sqlalchemy/sql/ddl.py:321: in _invoke_with
    return bind.execute(self)
           ^^^^^^^^^^^^^^^^^^
.venv/lib/python3.12/site-packages/sqlalchemy/engine/base.py:1419: in execute
    return meth(
.venv/lib/python3.12/site-packages/sqlalchemy/sql/ddl.py:187: in _execute_on_connection
    return connection._execute_ddl(
.venv/lib/python3.12/site-packages/sqlalchemy/engine/base.py:1530: in _execute_ddl
    ret = self._execute_context(
.venv/lib/python3.12/site-packages/sqlalchemy/engine/base.py:1846: in _execute_context
    return self._exec_single_context(
.venv/lib/python3.12/site-packages/sqlalchemy/engine/base.py:1986: in _exec_single_context
    self._handle_dbapi_exception(
.venv/lib/python3.12/site-packages/sqlalchemy/engine/base.py:2363: in _handle_dbapi_exception
    raise sqlalchemy_exception.with_traceback(exc_info[2]) from e
.venv/lib/python3.12/site-packages/sqlalchemy/engine/base.py:1967: in _exec_single_context
    self.dialect.do_execute(
.venv/lib/python3.12/site-packages/sqlalchemy/engine/default.py:952: in do_execute
    cursor.execute(statement, parameters)
E   sqlalchemy.exc.OperationalError: (sqlite3.OperationalError) index ix_tb_user_tenant_id already exists
E   [SQL: CREATE INDEX ix_tb_user_tenant_id ON tb_user (tenant_id)]
E   (Background on this error at: https://sqlalche.me/e/20/e3q8)
________ ERROR at setup of TestApiKeyCrud.test_validate_api_key_expired ________
.venv/lib/python3.12/site-packages/sqlalchemy/engine/base.py:1967: in _exec_single_context
    self.dialect.do_execute(
.venv/lib/python3.12/site-packages/sqlalchemy/engine/default.py:952: in do_execute
    cursor.execute(statement, parameters)
E   sqlite3.OperationalError: index ix_tb_user_tenant_id already exists

The above exception was the direct cause of the following exception:
tests/test_api_keys.py:39: in session
    TbUser.metadata.create_all(engine)
.venv/lib/python3.12/site-packages/sqlalchemy/sql/schema.py:5928: in create_all
    bind._run_ddl_visitor(
.venv/lib/python3.12/site-packages/sqlalchemy/engine/base.py:3260: in _run_ddl_visitor
    conn._run_ddl_visitor(visitorcallable, element, **kwargs)
.venv/lib/python3.12/site-packages/sqlalchemy/engine/base.py:2467: in _run_ddl_visitor
    ).traverse_single(element)
      ^^^^^^^^^^^^^^^^^^^^^^^^
.venv/lib/python3.12/site-packages/sqlalchemy/sql/visitors.py:661: in traverse_single
    return meth(obj, **kw)
           ^^^^^^^^^^^^^^^
.venv/lib/python3.12/site-packages/sqlalchemy/sql/ddl.py:984: in visit_metadata
    self.traverse_single(
.venv/lib/python3.12/site-packages/sqlalchemy/sql/visitors.py:661: in traverse_single
    return meth(obj, **kw)
           ^^^^^^^^^^^^^^^
.venv/lib/python3.12/site-packages/sqlalchemy/sql/ddl.py:1026: in visit_table
    self.traverse_single(index, create_ok=True)
.venv/lib/python3.12/site-packages/sqlalchemy/sql/visitors.py:661: in traverse_single
    return meth(obj, **kw)
           ^^^^^^^^^^^^^^^
.venv/lib/python3.12/site-packages/sqlalchemy/sql/ddl.py:1063: in visit_index
    CreateIndex(index)._invoke_with(self.connection)
.venv/lib/python3.12/site-packages/sqlalchemy/sql/ddl.py:321: in _invoke_with
    return bind.execute(self)
           ^^^^^^^^^^^^^^^^^^
.venv/lib/python3.12/site-packages/sqlalchemy/engine/base.py:1419: in execute
    return meth(
.venv/lib/python3.12/site-packages/sqlalchemy/sql/ddl.py:187: in _execute_on_connection
    return connection._execute_ddl(
.venv/lib/python3.12/site-packages/sqlalchemy/engine/base.py:1530: in _execute_ddl
    ret = self._execute_context(
.venv/lib/python3.12/site-packages/sqlalchemy/engine/base.py:1846: in _execute_context
    return self._exec_single_context(
.venv/lib/python3.12/site-packages/sqlalchemy/engine/base.py:1986: in _exec_single_context
    self._handle_dbapi_exception(
.venv/lib/python3.12/site-packages/sqlalchemy/engine/base.py:2363: in _handle_dbapi_exception
    raise sqlalchemy_exception.with_traceback(exc_info[2]) from e
.venv/lib/python3.12/site-packages/sqlalchemy/engine/base.py:1967: in _exec_single_context
    self.dialect.do_execute(
.venv/lib/python3.12/site-packages/sqlalchemy/engine/default.py:952: in do_execute
    cursor.execute(statement, parameters)
E   sqlalchemy.exc.OperationalError: (sqlite3.OperationalError) index ix_tb_user_tenant_id already exists
E   [SQL: CREATE INDEX ix_tb_user_tenant_id ON tb_user (tenant_id)]
E   (Background on this error at: https://sqlalche.me/e/20/e3q8)
_______ ERROR at setup of TestApiKeyCrud.test_validate_api_key_inactive ________
.venv/lib/python3.12/site-packages/sqlalchemy/engine/base.py:1967: in _exec_single_context
    self.dialect.do_execute(
.venv/lib/python3.12/site-packages/sqlalchemy/engine/default.py:952: in do_execute
    cursor.execute(statement, parameters)
E   sqlite3.OperationalError: index ix_tb_user_tenant_id already exists

The above exception was the direct cause of the following exception:
tests/test_api_keys.py:39: in session
    TbUser.metadata.create_all(engine)
.venv/lib/python3.12/site-packages/sqlalchemy/sql/schema.py:5928: in create_all
    bind._run_ddl_visitor(
.venv/lib/python3.12/site-packages/sqlalchemy/engine/base.py:3260: in _run_ddl_visitor
    conn._run_ddl_visitor(visitorcallable, element, **kwargs)
.venv/lib/python3.12/site-packages/sqlalchemy/engine/base.py:2467: in _run_ddl_visitor
    ).traverse_single(element)
      ^^^^^^^^^^^^^^^^^^^^^^^^
.venv/lib/python3.12/site-packages/sqlalchemy/sql/visitors.py:661: in traverse_single
    return meth(obj, **kw)
           ^^^^^^^^^^^^^^^
.venv/lib/python3.12/site-packages/sqlalchemy/sql/ddl.py:984: in visit_metadata
    self.traverse_single(
.venv/lib/python3.12/site-packages/sqlalchemy/sql/visitors.py:661: in traverse_single
    return meth(obj, **kw)
           ^^^^^^^^^^^^^^^
.venv/lib/python3.12/site-packages/sqlalchemy/sql/ddl.py:1026: in visit_table
    self.traverse_single(index, create_ok=True)
.venv/lib/python3.12/site-packages/sqlalchemy/sql/visitors.py:661: in traverse_single
    return meth(obj, **kw)
           ^^^^^^^^^^^^^^^
.venv/lib/python3.12/site-packages/sqlalchemy/sql/ddl.py:1063: in visit_index
    CreateIndex(index)._invoke_with(self.connection)
.venv/lib/python3.12/site-packages/sqlalchemy/sql/ddl.py:321: in _invoke_with
    return bind.execute(self)
           ^^^^^^^^^^^^^^^^^^
.venv/lib/python3.12/site-packages/sqlalchemy/engine/base.py:1419: in execute
    return meth(
.venv/lib/python3.12/site-packages/sqlalchemy/sql/ddl.py:187: in _execute_on_connection
    return connection._execute_ddl(
.venv/lib/python3.12/site-packages/sqlalchemy/engine/base.py:1530: in _execute_ddl
    ret = self._execute_context(
.venv/lib/python3.12/site-packages/sqlalchemy/engine/base.py:1846: in _execute_context
    return self._exec_single_context(
.venv/lib/python3.12/site-packages/sqlalchemy/engine/base.py:1986: in _exec_single_context
    self._handle_dbapi_exception(
.venv/lib/python3.12/site-packages/sqlalchemy/engine/base.py:2363: in _handle_dbapi_exception
    raise sqlalchemy_exception.with_traceback(exc_info[2]) from e
.venv/lib/python3.12/site-packages/sqlalchemy/engine/base.py:1967: in _exec_single_context
    self.dialect.do_execute(
.venv/lib/python3.12/site-packages/sqlalchemy/engine/default.py:952: in do_execute
    cursor.execute(statement, parameters)
E   sqlalchemy.exc.OperationalError: (sqlite3.OperationalError) index ix_tb_user_tenant_id already exists
E   [SQL: CREATE INDEX ix_tb_user_tenant_id ON tb_user (tenant_id)]
E   (Background on this error at: https://sqlalche.me/e/20/e3q8)
______________ ERROR at setup of TestApiKeyCrud.test_get_api_key _______________
.venv/lib/python3.12/site-packages/sqlalchemy/engine/base.py:1967: in _exec_single_context
    self.dialect.do_execute(
.venv/lib/python3.12/site-packages/sqlalchemy/engine/default.py:952: in do_execute
    cursor.execute(statement, parameters)
E   sqlite3.OperationalError: index ix_tb_user_tenant_id already exists

The above exception was the direct cause of the following exception:
tests/test_api_keys.py:39: in session
    TbUser.metadata.create_all(engine)
.venv/lib/python3.12/site-packages/sqlalchemy/sql/schema.py:5928: in create_all
    bind._run_ddl_visitor(
.venv/lib/python3.12/site-packages/sqlalchemy/engine/base.py:3260: in _run_ddl_visitor
    conn._run_ddl_visitor(visitorcallable, element, **kwargs)
.venv/lib/python3.12/site-packages/sqlalchemy/engine/base.py:2467: in _run_ddl_visitor
    ).traverse_single(element)
      ^^^^^^^^^^^^^^^^^^^^^^^^
.venv/lib/python3.12/site-packages/sqlalchemy/sql/visitors.py:661: in traverse_single
    return meth(obj, **kw)
           ^^^^^^^^^^^^^^^
.venv/lib/python3.12/site-packages/sqlalchemy/sql/ddl.py:984: in visit_metadata
    self.traverse_single(
.venv/lib/python3.12/site-packages/sqlalchemy/sql/visitors.py:661: in traverse_single
    return meth(obj, **kw)
           ^^^^^^^^^^^^^^^
.venv/lib/python3.12/site-packages/sqlalchemy/sql/ddl.py:1026: in visit_table
    self.traverse_single(index, create_ok=True)
.venv/lib/python3.12/site-packages/sqlalchemy/sql/visitors.py:661: in traverse_single
    return meth(obj, **kw)
           ^^^^^^^^^^^^^^^
.venv/lib/python3.12/site-packages/sqlalchemy/sql/ddl.py:1063: in visit_index
    CreateIndex(index)._invoke_with(self.connection)
.venv/lib/python3.12/site-packages/sqlalchemy/sql/ddl.py:321: in _invoke_with
    return bind.execute(self)
           ^^^^^^^^^^^^^^^^^^
.venv/lib/python3.12/site-packages/sqlalchemy/engine/base.py:1419: in execute
    return meth(
.venv/lib/python3.12/site-packages/sqlalchemy/sql/ddl.py:187: in _execute_on_connection
    return connection._execute_ddl(
.venv/lib/python3.12/site-packages/sqlalchemy/engine/base.py:1530: in _execute_ddl
    ret = self._execute_context(
.venv/lib/python3.12/site-packages/sqlalchemy/engine/base.py:1846: in _execute_context
    return self._exec_single_context(
.venv/lib/python3.12/site-packages/sqlalchemy/engine/base.py:1986: in _exec_single_context
    self._handle_dbapi_exception(
.venv/lib/python3.12/site-packages/sqlalchemy/engine/base.py:2363: in _handle_dbapi_exception
    raise sqlalchemy_exception.with_traceback(exc_info[2]) from e
.venv/lib/python3.12/site-packages/sqlalchemy/engine/base.py:1967: in _exec_single_context
    self.dialect.do_execute(
.venv/lib/python3.12/site-packages/sqlalchemy/engine/default.py:952: in do_execute
    cursor.execute(statement, parameters)
E   sqlalchemy.exc.OperationalError: (sqlite3.OperationalError) index ix_tb_user_tenant_id already exists
E   [SQL: CREATE INDEX ix_tb_user_tenant_id ON tb_user (tenant_id)]
E   (Background on this error at: https://sqlalche.me/e/20/e3q8)
_________ ERROR at setup of TestApiKeyCrud.test_get_api_key_wrong_user _________
.venv/lib/python3.12/site-packages/sqlalchemy/engine/base.py:1967: in _exec_single_context
    self.dialect.do_execute(
.venv/lib/python3.12/site-packages/sqlalchemy/engine/default.py:952: in do_execute
    cursor.execute(statement, parameters)
E   sqlite3.OperationalError: index ix_tb_user_tenant_id already exists

The above exception was the direct cause of the following exception:
tests/test_api_keys.py:39: in session
    TbUser.metadata.create_all(engine)
.venv/lib/python3.12/site-packages/sqlalchemy/sql/schema.py:5928: in create_all
    bind._run_ddl_visitor(
.venv/lib/python3.12/site-packages/sqlalchemy/engine/base.py:3260: in _run_ddl_visitor
    conn._run_ddl_visitor(visitorcallable, element, **kwargs)
.venv/lib/python3.12/site-packages/sqlalchemy/engine/base.py:2467: in _run_ddl_visitor
    ).traverse_single(element)
      ^^^^^^^^^^^^^^^^^^^^^^^^
.venv/lib/python3.12/site-packages/sqlalchemy/sql/visitors.py:661: in traverse_single
    return meth(obj, **kw)
           ^^^^^^^^^^^^^^^
.venv/lib/python3.12/site-packages/sqlalchemy/sql/ddl.py:984: in visit_metadata
    self.traverse_single(
.venv/lib/python3.12/site-packages/sqlalchemy/sql/visitors.py:661: in traverse_single
    return meth(obj, **kw)
           ^^^^^^^^^^^^^^^
.venv/lib/python3.12/site-packages/sqlalchemy/sql/ddl.py:1026: in visit_table
    self.traverse_single(index, create_ok=True)
.venv/lib/python3.12/site-packages/sqlalchemy/sql/visitors.py:661: in traverse_single
    return meth(obj, **kw)
           ^^^^^^^^^^^^^^^
.venv/lib/python3.12/site-packages/sqlalchemy/sql/ddl.py:1063: in visit_index
    CreateIndex(index)._invoke_with(self.connection)
.venv/lib/python3.12/site-packages/sqlalchemy/sql/ddl.py:321: in _invoke_with
    return bind.execute(self)
           ^^^^^^^^^^^^^^^^^^
.venv/lib/python3.12/site-packages/sqlalchemy/engine/base.py:1419: in execute
    return meth(
.venv/lib/python3.12/site-packages/sqlalchemy/sql/ddl.py:187: in _execute_on_connection
    return connection._execute_ddl(
.venv/lib/python3.12/site-packages/sqlalchemy/engine/base.py:1530: in _execute_ddl
    ret = self._execute_context(
.venv/lib/python3.12/site-packages/sqlalchemy/engine/base.py:1846: in _execute_context
    return self._exec_single_context(
.venv/lib/python3.12/site-packages/sqlalchemy/engine/base.py:1986: in _exec_single_context
    self._handle_dbapi_exception(
.venv/lib/python3.12/site-packages/sqlalchemy/engine/base.py:2363: in _handle_dbapi_exception
    raise sqlalchemy_exception.with_traceback(exc_info[2]) from e
.venv/lib/python3.12/site-packages/sqlalchemy/engine/base.py:1967: in _exec_single_context
    self.dialect.do_execute(
.venv/lib/python3.12/site-packages/sqlalchemy/engine/default.py:952: in do_execute
    cursor.execute(statement, parameters)
E   sqlalchemy.exc.OperationalError: (sqlite3.OperationalError) index ix_tb_user_tenant_id already exists
E   [SQL: CREATE INDEX ix_tb_user_tenant_id ON tb_user (tenant_id)]
E   (Background on this error at: https://sqlalche.me/e/20/e3q8)
_____________ ERROR at setup of TestApiKeyCrud.test_list_api_keys ______________
.venv/lib/python3.12/site-packages/sqlalchemy/engine/base.py:1967: in _exec_single_context
    self.dialect.do_execute(
.venv/lib/python3.12/site-packages/sqlalchemy/engine/default.py:952: in do_execute
    cursor.execute(statement, parameters)
E   sqlite3.OperationalError: index ix_tb_user_tenant_id already exists

The above exception was the direct cause of the following exception:
tests/test_api_keys.py:39: in session
    TbUser.metadata.create_all(engine)
.venv/lib/python3.12/site-packages/sqlalchemy/sql/schema.py:5928: in create_all
    bind._run_ddl_visitor(
.venv/lib/python3.12/site-packages/sqlalchemy/engine/base.py:3260: in _run_ddl_visitor
    conn._run_ddl_visitor(visitorcallable, element, **kwargs)
.venv/lib/python3.12/site-packages/sqlalchemy/engine/base.py:2467: in _run_ddl_visitor
    ).traverse_single(element)
      ^^^^^^^^^^^^^^^^^^^^^^^^
.venv/lib/python3.12/site-packages/sqlalchemy/sql/visitors.py:661: in traverse_single
    return meth(obj, **kw)
           ^^^^^^^^^^^^^^^
.venv/lib/python3.12/site-packages/sqlalchemy/sql/ddl.py:984: in visit_metadata
    self.traverse_single(
.venv/lib/python3.12/site-packages/sqlalchemy/sql/visitors.py:661: in traverse_single
    return meth(obj, **kw)
           ^^^^^^^^^^^^^^^
.venv/lib/python3.12/site-packages/sqlalchemy/sql/ddl.py:1026: in visit_table
    self.traverse_single(index, create_ok=True)
.venv/lib/python3.12/site-packages/sqlalchemy/sql/visitors.py:661: in traverse_single
    return meth(obj, **kw)
           ^^^^^^^^^^^^^^^
.venv/lib/python3.12/site-packages/sqlalchemy/sql/ddl.py:1063: in visit_index
    CreateIndex(index)._invoke_with(self.connection)
.venv/lib/python3.12/site-packages/sqlalchemy/sql/ddl.py:321: in _invoke_with
    return bind.execute(self)
           ^^^^^^^^^^^^^^^^^^
.venv/lib/python3.12/site-packages/sqlalchemy/engine/base.py:1419: in execute
    return meth(
.venv/lib/python3.12/site-packages/sqlalchemy/sql/ddl.py:187: in _execute_on_connection
    return connection._execute_ddl(
.venv/lib/python3.12/site-packages/sqlalchemy/engine/base.py:1530: in _execute_ddl
    ret = self._execute_context(
.venv/lib/python3.12/site-packages/sqlalchemy/engine/base.py:1846: in _execute_context
    return self._exec_single_context(
.venv/lib/python3.12/site-packages/sqlalchemy/engine/base.py:1986: in _exec_single_context
    self._handle_dbapi_exception(
.venv/lib/python3.12/site-packages/sqlalchemy/engine/base.py:2363: in _handle_dbapi_exception
    raise sqlalchemy_exception.with_traceback(exc_info[2]) from e
.venv/lib/python3.12/site-packages/sqlalchemy/engine/base.py:1967: in _exec_single_context
    self.dialect.do_execute(
.venv/lib/python3.12/site-packages/sqlalchemy/engine/default.py:952: in do_execute
    cursor.execute(statement, parameters)
E   sqlalchemy.exc.OperationalError: (sqlite3.OperationalError) index ix_tb_user_tenant_id already exists
E   [SQL: CREATE INDEX ix_tb_user_tenant_id ON tb_user (tenant_id)]
E   (Background on this error at: https://sqlalche.me/e/20/e3q8)
_____ ERROR at setup of TestApiKeyCrud.test_list_api_keys_exclude_inactive _____
.venv/lib/python3.12/site-packages/sqlalchemy/engine/base.py:1967: in _exec_single_context
    self.dialect.do_execute(
.venv/lib/python3.12/site-packages/sqlalchemy/engine/default.py:952: in do_execute
    cursor.execute(statement, parameters)
E   sqlite3.OperationalError: index ix_tb_user_tenant_id already exists

The above exception was the direct cause of the following exception:
tests/test_api_keys.py:39: in session
    TbUser.metadata.create_all(engine)
.venv/lib/python3.12/site-packages/sqlalchemy/sql/schema.py:5928: in create_all
    bind._run_ddl_visitor(
.venv/lib/python3.12/site-packages/sqlalchemy/engine/base.py:3260: in _run_ddl_visitor
    conn._run_ddl_visitor(visitorcallable, element, **kwargs)
.venv/lib/python3.12/site-packages/sqlalchemy/engine/base.py:2467: in _run_ddl_visitor
    ).traverse_single(element)
      ^^^^^^^^^^^^^^^^^^^^^^^^
.venv/lib/python3.12/site-packages/sqlalchemy/sql/visitors.py:661: in traverse_single
    return meth(obj, **kw)
           ^^^^^^^^^^^^^^^
.venv/lib/python3.12/site-packages/sqlalchemy/sql/ddl.py:984: in visit_metadata
    self.traverse_single(
.venv/lib/python3.12/site-packages/sqlalchemy/sql/visitors.py:661: in traverse_single
    return meth(obj, **kw)
           ^^^^^^^^^^^^^^^
.venv/lib/python3.12/site-packages/sqlalchemy/sql/ddl.py:1026: in visit_table
    self.traverse_single(index, create_ok=True)
.venv/lib/python3.12/site-packages/sqlalchemy/sql/visitors.py:661: in traverse_single
    return meth(obj, **kw)
           ^^^^^^^^^^^^^^^
.venv/lib/python3.12/site-packages/sqlalchemy/sql/ddl.py:1063: in visit_index
    CreateIndex(index)._invoke_with(self.connection)
.venv/lib/python3.12/site-packages/sqlalchemy/sql/ddl.py:321: in _invoke_with
    return bind.execute(self)
           ^^^^^^^^^^^^^^^^^^
.venv/lib/python3.12/site-packages/sqlalchemy/engine/base.py:1419: in execute
    return meth(
.venv/lib/python3.12/site-packages/sqlalchemy/sql/ddl.py:187: in _execute_on_connection
    return connection._execute_ddl(
.venv/lib/python3.12/site-packages/sqlalchemy/engine/base.py:1530: in _execute_ddl
    ret = self._execute_context(
.venv/lib/python3.12/site-packages/sqlalchemy/engine/base.py:1846: in _execute_context
    return self._exec_single_context(
.venv/lib/python3.12/site-packages/sqlalchemy/engine/base.py:1986: in _exec_single_context
    self._handle_dbapi_exception(
.venv/lib/python3.12/site-packages/sqlalchemy/engine/base.py:2363: in _handle_dbapi_exception
    raise sqlalchemy_exception.with_traceback(exc_info[2]) from e
.venv/lib/python3.12/site-packages/sqlalchemy/engine/base.py:1967: in _exec_single_context
    self.dialect.do_execute(
.venv/lib/python3.12/site-packages/sqlalchemy/engine/default.py:952: in do_execute
    cursor.execute(statement, parameters)
E   sqlalchemy.exc.OperationalError: (sqlite3.OperationalError) index ix_tb_user_tenant_id already exists
E   [SQL: CREATE INDEX ix_tb_user_tenant_id ON tb_user (tenant_id)]
E   (Background on this error at: https://sqlalche.me/e/20/e3q8)
_____ ERROR at setup of TestApiKeyCrud.test_list_api_keys_include_inactive _____
.venv/lib/python3.12/site-packages/sqlalchemy/engine/base.py:1967: in _exec_single_context
    self.dialect.do_execute(
.venv/lib/python3.12/site-packages/sqlalchemy/engine/default.py:952: in do_execute
    cursor.execute(statement, parameters)
E   sqlite3.OperationalError: index ix_tb_user_tenant_id already exists

The above exception was the direct cause of the following exception:
tests/test_api_keys.py:39: in session
    TbUser.metadata.create_all(engine)
.venv/lib/python3.12/site-packages/sqlalchemy/sql/schema.py:5928: in create_all
    bind._run_ddl_visitor(
.venv/lib/python3.12/site-packages/sqlalchemy/engine/base.py:3260: in _run_ddl_visitor
    conn._run_ddl_visitor(visitorcallable, element, **kwargs)
.venv/lib/python3.12/site-packages/sqlalchemy/engine/base.py:2467: in _run_ddl_visitor
    ).traverse_single(element)
      ^^^^^^^^^^^^^^^^^^^^^^^^
.venv/lib/python3.12/site-packages/sqlalchemy/sql/visitors.py:661: in traverse_single
    return meth(obj, **kw)
           ^^^^^^^^^^^^^^^
.venv/lib/python3.12/site-packages/sqlalchemy/sql/ddl.py:984: in visit_metadata
    self.traverse_single(
.venv/lib/python3.12/site-packages/sqlalchemy/sql/visitors.py:661: in traverse_single
    return meth(obj, **kw)
           ^^^^^^^^^^^^^^^
.venv/lib/python3.12/site-packages/sqlalchemy/sql/ddl.py:1026: in visit_table
    self.traverse_single(index, create_ok=True)
.venv/lib/python3.12/site-packages/sqlalchemy/sql/visitors.py:661: in traverse_single
    return meth(obj, **kw)
           ^^^^^^^^^^^^^^^
.venv/lib/python3.12/site-packages/sqlalchemy/sql/ddl.py:1063: in visit_index
    CreateIndex(index)._invoke_with(self.connection)
.venv/lib/python3.12/site-packages/sqlalchemy/sql/ddl.py:321: in _invoke_with
    return bind.execute(self)
           ^^^^^^^^^^^^^^^^^^
.venv/lib/python3.12/site-packages/sqlalchemy/engine/base.py:1419: in execute
    return meth(
.venv/lib/python3.12/site-packages/sqlalchemy/sql/ddl.py:187: in _execute_on_connection
    return connection._execute_ddl(
.venv/lib/python3.12/site-packages/sqlalchemy/engine/base.py:1530: in _execute_ddl
    ret = self._execute_context(
.venv/lib/python3.12/site-packages/sqlalchemy/engine/base.py:1846: in _execute_context
    return self._exec_single_context(
.venv/lib/python3.12/site-packages/sqlalchemy/engine/base.py:1986: in _exec_single_context
    self._handle_dbapi_exception(
.venv/lib/python3.12/site-packages/sqlalchemy/engine/base.py:2363: in _handle_dbapi_exception
    raise sqlalchemy_exception.with_traceback(exc_info[2]) from e
.venv/lib/python3.12/site-packages/sqlalchemy/engine/base.py:1967: in _exec_single_context
    self.dialect.do_execute(
.venv/lib/python3.12/site-packages/sqlalchemy/engine/default.py:952: in do_execute
    cursor.execute(statement, parameters)
E   sqlalchemy.exc.OperationalError: (sqlite3.OperationalError) index ix_tb_user_tenant_id already exists
E   [SQL: CREATE INDEX ix_tb_user_tenant_id ON tb_user (tenant_id)]
E   (Background on this error at: https://sqlalche.me/e/20/e3q8)
_____________ ERROR at setup of TestApiKeyCrud.test_revoke_api_key _____________
.venv/lib/python3.12/site-packages/sqlalchemy/engine/base.py:1967: in _exec_single_context
    self.dialect.do_execute(
.venv/lib/python3.12/site-packages/sqlalchemy/engine/default.py:952: in do_execute
    cursor.execute(statement, parameters)
E   sqlite3.OperationalError: index ix_tb_user_tenant_id already exists

The above exception was the direct cause of the following exception:
tests/test_api_keys.py:39: in session
    TbUser.metadata.create_all(engine)
.venv/lib/python3.12/site-packages/sqlalchemy/sql/schema.py:5928: in create_all
    bind._run_ddl_visitor(
.venv/lib/python3.12/site-packages/sqlalchemy/engine/base.py:3260: in _run_ddl_visitor
    conn._run_ddl_visitor(visitorcallable, element, **kwargs)
.venv/lib/python3.12/site-packages/sqlalchemy/engine/base.py:2467: in _run_ddl_visitor
    ).traverse_single(element)
      ^^^^^^^^^^^^^^^^^^^^^^^^
.venv/lib/python3.12/site-packages/sqlalchemy/sql/visitors.py:661: in traverse_single
    return meth(obj, **kw)
           ^^^^^^^^^^^^^^^
.venv/lib/python3.12/site-packages/sqlalchemy/sql/ddl.py:984: in visit_metadata
    self.traverse_single(
.venv/lib/python3.12/site-packages/sqlalchemy/sql/visitors.py:661: in traverse_single
    return meth(obj, **kw)
           ^^^^^^^^^^^^^^^
.venv/lib/python3.12/site-packages/sqlalchemy/sql/ddl.py:1026: in visit_table
    self.traverse_single(index, create_ok=True)
.venv/lib/python3.12/site-packages/sqlalchemy/sql/visitors.py:661: in traverse_single
    return meth(obj, **kw)
           ^^^^^^^^^^^^^^^
.venv/lib/python3.12/site-packages/sqlalchemy/sql/ddl.py:1063: in visit_index
    CreateIndex(index)._invoke_with(self.connection)
.venv/lib/python3.12/site-packages/sqlalchemy/sql/ddl.py:321: in _invoke_with
    return bind.execute(self)
           ^^^^^^^^^^^^^^^^^^
.venv/lib/python3.12/site-packages/sqlalchemy/engine/base.py:1419: in execute
    return meth(
.venv/lib/python3.12/site-packages/sqlalchemy/sql/ddl.py:187: in _execute_on_connection
    return connection._execute_ddl(
.venv/lib/python3.12/site-packages/sqlalchemy/engine/base.py:1530: in _execute_ddl
    ret = self._execute_context(
.venv/lib/python3.12/site-packages/sqlalchemy/engine/base.py:1846: in _execute_context
    return self._exec_single_context(
.venv/lib/python3.12/site-packages/sqlalchemy/engine/base.py:1986: in _exec_single_context
    self._handle_dbapi_exception(
.venv/lib/python3.12/site-packages/sqlalchemy/engine/base.py:2363: in _handle_dbapi_exception
    raise sqlalchemy_exception.with_traceback(exc_info[2]) from e
.venv/lib/python3.12/site-packages/sqlalchemy/engine/base.py:1967: in _exec_single_context
    self.dialect.do_execute(
.venv/lib/python3.12/site-packages/sqlalchemy/engine/default.py:952: in do_execute
    cursor.execute(statement, parameters)
E   sqlalchemy.exc.OperationalError: (sqlite3.OperationalError) index ix_tb_user_tenant_id already exists
E   [SQL: CREATE INDEX ix_tb_user_tenant_id ON tb_user (tenant_id)]
E   (Background on this error at: https://sqlalche.me/e/20/e3q8)
_________ ERROR at setup of TestApiKeyCrud.test_revoke_nonexistent_key _________
.venv/lib/python3.12/site-packages/sqlalchemy/engine/base.py:1967: in _exec_single_context
    self.dialect.do_execute(
.venv/lib/python3.12/site-packages/sqlalchemy/engine/default.py:952: in do_execute
    cursor.execute(statement, parameters)
E   sqlite3.OperationalError: index ix_tb_user_tenant_id already exists

The above exception was the direct cause of the following exception:
tests/test_api_keys.py:39: in session
    TbUser.metadata.create_all(engine)
.venv/lib/python3.12/site-packages/sqlalchemy/sql/schema.py:5928: in create_all
    bind._run_ddl_visitor(
.venv/lib/python3.12/site-packages/sqlalchemy/engine/base.py:3260: in _run_ddl_visitor
    conn._run_ddl_visitor(visitorcallable, element, **kwargs)
.venv/lib/python3.12/site-packages/sqlalchemy/engine/base.py:2467: in _run_ddl_visitor
    ).traverse_single(element)
      ^^^^^^^^^^^^^^^^^^^^^^^^
.venv/lib/python3.12/site-packages/sqlalchemy/sql/visitors.py:661: in traverse_single
    return meth(obj, **kw)
           ^^^^^^^^^^^^^^^
.venv/lib/python3.12/site-packages/sqlalchemy/sql/ddl.py:984: in visit_metadata
    self.traverse_single(
.venv/lib/python3.12/site-packages/sqlalchemy/sql/visitors.py:661: in traverse_single
    return meth(obj, **kw)
           ^^^^^^^^^^^^^^^
.venv/lib/python3.12/site-packages/sqlalchemy/sql/ddl.py:1026: in visit_table
    self.traverse_single(index, create_ok=True)
.venv/lib/python3.12/site-packages/sqlalchemy/sql/visitors.py:661: in traverse_single
    return meth(obj, **kw)
           ^^^^^^^^^^^^^^^
.venv/lib/python3.12/site-packages/sqlalchemy/sql/ddl.py:1063: in visit_index
    CreateIndex(index)._invoke_with(self.connection)
.venv/lib/python3.12/site-packages/sqlalchemy/sql/ddl.py:321: in _invoke_with
    return bind.execute(self)
           ^^^^^^^^^^^^^^^^^^
.venv/lib/python3.12/site-packages/sqlalchemy/engine/base.py:1419: in execute
    return meth(
.venv/lib/python3.12/site-packages/sqlalchemy/sql/ddl.py:187: in _execute_on_connection
    return connection._execute_ddl(
.venv/lib/python3.12/site-packages/sqlalchemy/engine/base.py:1530: in _execute_ddl
    ret = self._execute_context(
.venv/lib/python3.12/site-packages/sqlalchemy/engine/base.py:1846: in _execute_context
    return self._exec_single_context(
.venv/lib/python3.12/site-packages/sqlalchemy/engine/base.py:1986: in _exec_single_context
    self._handle_dbapi_exception(
.venv/lib/python3.12/site-packages/sqlalchemy/engine/base.py:2363: in _handle_dbapi_exception
    raise sqlalchemy_exception.with_traceback(exc_info[2]) from e
.venv/lib/python3.12/site-packages/sqlalchemy/engine/base.py:1967: in _exec_single_context
    self.dialect.do_execute(
.venv/lib/python3.12/site-packages/sqlalchemy/engine/default.py:952: in do_execute
    cursor.execute(statement, parameters)
E   sqlalchemy.exc.OperationalError: (sqlite3.OperationalError) index ix_tb_user_tenant_id already exists
E   [SQL: CREATE INDEX ix_tb_user_tenant_id ON tb_user (tenant_id)]
E   (Background on this error at: https://sqlalche.me/e/20/e3q8)
__________ ERROR at setup of TestApiKeyScopes.test_get_api_key_scopes __________
.venv/lib/python3.12/site-packages/sqlalchemy/engine/base.py:1967: in _exec_single_context
    self.dialect.do_execute(
.venv/lib/python3.12/site-packages/sqlalchemy/engine/default.py:952: in do_execute
    cursor.execute(statement, parameters)
E   sqlite3.OperationalError: index ix_tb_user_tenant_id already exists

The above exception was the direct cause of the following exception:
tests/test_api_keys.py:39: in session
    TbUser.metadata.create_all(engine)
.venv/lib/python3.12/site-packages/sqlalchemy/sql/schema.py:5928: in create_all
    bind._run_ddl_visitor(
.venv/lib/python3.12/site-packages/sqlalchemy/engine/base.py:3260: in _run_ddl_visitor
    conn._run_ddl_visitor(visitorcallable, element, **kwargs)
.venv/lib/python3.12/site-packages/sqlalchemy/engine/base.py:2467: in _run_ddl_visitor
    ).traverse_single(element)
      ^^^^^^^^^^^^^^^^^^^^^^^^
.venv/lib/python3.12/site-packages/sqlalchemy/sql/visitors.py:661: in traverse_single
    return meth(obj, **kw)
           ^^^^^^^^^^^^^^^
.venv/lib/python3.12/site-packages/sqlalchemy/sql/ddl.py:984: in visit_metadata
    self.traverse_single(
.venv/lib/python3.12/site-packages/sqlalchemy/sql/visitors.py:661: in traverse_single
    return meth(obj, **kw)
           ^^^^^^^^^^^^^^^
.venv/lib/python3.12/site-packages/sqlalchemy/sql/ddl.py:1026: in visit_table
    self.traverse_single(index, create_ok=True)
.venv/lib/python3.12/site-packages/sqlalchemy/sql/visitors.py:661: in traverse_single
    return meth(obj, **kw)
           ^^^^^^^^^^^^^^^
.venv/lib/python3.12/site-packages/sqlalchemy/sql/ddl.py:1063: in visit_index
    CreateIndex(index)._invoke_with(self.connection)
.venv/lib/python3.12/site-packages/sqlalchemy/sql/ddl.py:321: in _invoke_with
    return bind.execute(self)
           ^^^^^^^^^^^^^^^^^^
.venv/lib/python3.12/site-packages/sqlalchemy/engine/base.py:1419: in execute
    return meth(
[...]
tests/test_plan_multistep.py::TestPlanValidation::test_validate_max_depth_valid_range
tests/test_trace_id.py::test_ops_ci_ask_includes_trace_id
  /home/spa/tobit-spa-ai/apps/api/app/modules/ops/services/ci/planner/validator.py:390: PydanticDeprecatedSince20: The `copy` method is deprecated; use `model_copy` instead. See the docstring of `BaseModel.copy` for details about how to handle `include` and `exclude`. Deprecated in Pydantic V2.0 to be removed in V3.0. See Pydantic V2 Migration Guide at https://errors.pydantic.dev/2.12/migration/
    "graph": normalized.graph.copy(update={"view": graph_view, "depth": clamped_depth}),

tests/test_plan_multistep.py::TestPlanValidation::test_validate_simple_plan_success
tests/test_plan_multistep.py::TestPlanValidation::test_validate_with_custom_budget
tests/test_plan_multistep.py::TestPlanValidation::test_validate_multistep_disabled
tests/test_plan_multistep.py::TestPlanValidation::test_validate_complex_plan
tests/test_plan_multistep.py::TestPlanValidation::test_validate_timeout_valid_range
tests/test_plan_multistep.py::TestPlanValidation::test_validate_max_depth_valid_range
tests/test_trace_id.py::test_ops_ci_ask_includes_trace_id
  /home/spa/tobit-spa-ai/apps/api/app/modules/ops/services/ci/planner/validator.py:386: PydanticDeprecatedSince20: The `copy` method is deprecated; use `model_copy` instead. See the docstring of `BaseModel.copy` for details about how to handle `include` and `exclude`. Deprecated in Pydantic V2.0 to be removed in V3.0. See Pydantic V2 Migration Guide at https://errors.pydantic.dev/2.12/migration/
    normalized = normalized.copy(

tests/test_screen_editor_auth.py::TestScreenEditorAuth::test_save_draft_requires_auth
tests/test_screen_editor_auth.py::TestScreenEditorAuth::test_invalid_token_rejected
tests/test_screen_editor_auth.py::TestScreenEditorAuth::test_missing_authorization_header_error
  /home/spa/tobit-spa-ai/apps/api/core/auth.py:42: DeprecationWarning: 
          🚨 You probably want to use `session.exec()` instead of `session.query()`.
  
          `session.exec()` is SQLModel's own short version with increased type
          annotations.
  
          Or otherwise you might want to use `session.execute()` instead of
          `session.query()`.
          
    session.query(TbUser).filter(TbUser.username == "admin@tobit.local")

tests/test_screen_editor_auth.py::TestScreenEditorAuth::test_save_draft_requires_auth
  /home/spa/tobit-spa-ai/apps/api/.venv/lib/python3.12/site-packages/sqlmodel/orm/session.py:81: SADeprecationWarning: Object <sqlalchemy.orm.query.Query object at 0x7f7b7fcb8cb0> should not be used directly in a SQL statement context, such as passing to methods such as session.execute().  This usage will be disallowed in a future release.  Please use Core select() / update() / delete() etc. with Session.execute() and other statement execution methods.
    results = super().execute(

tests/test_screen_editor_auth.py::TestScreenEditorAuth::test_invalid_token_rejected
  /home/spa/tobit-spa-ai/apps/api/.venv/lib/python3.12/site-packages/sqlmodel/orm/session.py:81: SADeprecationWarning: Object <sqlalchemy.orm.query.Query object at 0x7f7b7de7cdd0> should not be used directly in a SQL statement context, such as passing to methods such as session.execute().  This usage will be disallowed in a future release.  Please use Core select() / update() / delete() etc. with Session.execute() and other statement execution methods.
    results = super().execute(

tests/test_screen_editor_auth.py::TestScreenEditorAuth::test_missing_authorization_header_error
  /home/spa/tobit-spa-ai/apps/api/.venv/lib/python3.12/site-packages/sqlmodel/orm/session.py:81: SADeprecationWarning: Object <sqlalchemy.orm.query.Query object at 0x7f7b7de80ce0> should not be used directly in a SQL statement context, such as passing to methods such as session.execute().  This usage will be disallowed in a future release.  Please use Core select() / update() / delete() etc. with Session.execute() and other statement execution methods.
    results = super().execute(

tests/test_security_headers.py::TestCSRFMiddleware::test_csrf_token_in_header
tests/test_security_headers.py::TestCSRFMiddleware::test_csrf_token_mismatch
tests/test_security_headers.py::TestIntegration::test_full_security_stack
  /home/spa/tobit-spa-ai/apps/api/.venv/lib/python3.12/site-packages/starlette/testclient.py:445: DeprecationWarning: Setting per-request cookies=<...> is being deprecated, because the expected behaviour on cookie persistence is ambiguous. Set cookies directly on the client instance instead.
    return super().request(

tests/test_trace_id.py::test_ops_ci_ask_includes_trace_id
  /home/spa/tobit-spa-ai/apps/api/app/modules/ops/services/ci/planner/planner_llm.py:502: PydanticDeprecatedSince20: The `copy` method is deprecated; use `model_copy` instead. See the docstring of `BaseModel.copy` for details about how to handle `include` and `exclude`. Deprecated in Pydantic V2.0 to be removed in V3.0. See Pydantic V2 Migration Guide at https://errors.pydantic.dev/2.12/migration/
    plan.primary = plan.primary.copy(update={"keywords": keywords})

tests/test_trace_id.py::test_ops_ci_ask_includes_trace_id
  /home/spa/tobit-spa-ai/apps/api/app/modules/ops/services/ci/planner/planner_llm.py:512: PydanticDeprecatedSince20: The `copy` method is deprecated; use `model_copy` instead. See the docstring of `BaseModel.copy` for details about how to handle `include` and `exclude`. Deprecated in Pydantic V2.0 to be removed in V3.0. See Pydantic V2 Migration Guide at https://errors.pydantic.dev/2.12/migration/
    plan.aggregate = plan.aggregate.copy(update={"filters": aggregate_filters})

tests/test_trace_id.py::test_ops_ci_ask_includes_trace_id
  /home/spa/tobit-spa-ai/apps/api/app/modules/ops/services/ci/planner/planner_llm.py:518: PydanticDeprecatedSince20: The `copy` method is deprecated; use `model_copy` instead. See the docstring of `BaseModel.copy` for details about how to handle `include` and `exclude`. Deprecated in Pydantic V2.0 to be removed in V3.0. See Pydantic V2 Migration Guide at https://errors.pydantic.dev/2.12/migration/
    plan.secondary = plan.secondary.copy(update={"keywords": _extract_keywords(secondary_text)})

tests/test_trace_id.py::test_ops_ci_ask_includes_trace_id
  /home/spa/tobit-spa-ai/apps/api/app/modules/ops/services/ci/planner/planner_llm.py:542: PydanticDeprecatedSince20: The `copy` method is deprecated; use `model_copy` instead. See the docstring of `BaseModel.copy` for details about how to handle `include` and `exclude`. Deprecated in Pydantic V2.0 to be removed in V3.0. See Pydantic V2 Migration Guide at https://errors.pydantic.dev/2.12/migration/
    plan.graph = plan.graph.copy(update={"user_requested_depth": requested_depth})

tests/test_trace_id.py::test_ops_ci_ask_includes_trace_id
tests/test_trace_id.py::test_ops_ci_ask_includes_trace_id
  /home/spa/tobit-spa-ai/apps/api/app/modules/ops/services/ci/planner/planner_llm.py:571: PydanticDeprecatedSince20: The `copy` method is deprecated; use `model_copy` instead. See the docstring of `BaseModel.copy` for details about how to handle `include` and `exclude`. Deprecated in Pydantic V2.0 to be removed in V3.0. See Pydantic V2 Migration Guide at https://errors.pydantic.dev/2.12/migration/
    plan = plan.copy(update={"output": plan.output.copy(update=_build_output_updates(output_types))})

tests/test_trace_id.py::test_ops_ci_ask_includes_trace_id
tests/test_trace_id.py::test_ops_ci_ask_includes_trace_id
tests/test_trace_id.py::test_ops_ci_ask_includes_trace_id
tests/test_trace_id.py::test_ops_ci_ask_includes_trace_id
tests/test_trace_id.py::test_ops_ci_ask_includes_trace_id
tests/test_trace_id.py::test_ops_ci_ask_includes_trace_id
tests/test_trace_id.py::test_ops_ci_ask_includes_trace_id
  /home/spa/tobit-spa-ai/apps/api/app/modules/ops/services/ci/orchestrator/runner.py:359: PydanticDeprecatedSince20: The `dict` method is deprecated; use `model_dump` instead. Deprecated in Pydantic V2.0 to be removed in V3.0. See Pydantic V2 Migration Guide at https://errors.pydantic.dev/2.12/migration/
    meta["row_count"] = len(result.records)

tests/test_trace_id.py::test_ops_ci_ask_includes_trace_id
  /home/spa/tobit-spa-ai/apps/api/app/modules/ops/services/ci/orchestrator/runner.py:958: PydanticDeprecatedSince20: The `dict` method is deprecated; use `model_dump` instead. Deprecated in Pydantic V2.0 to be removed in V3.0. See Pydantic V2 Migration Guide at https://errors.pydantic.dev/2.12/migration/
    trace = {

tests/test_trace_id.py::test_ops_ci_ask_includes_trace_id
  /home/spa/tobit-spa-ai/apps/api/app/modules/ops/services/ci/orchestrator/runner.py:959: PydanticDeprecatedSince20: The `dict` method is deprecated; use `model_dump` instead. Deprecated in Pydantic V2.0 to be removed in V3.0. See Pydantic V2 Migration Guide at https://errors.pydantic.dev/2.12/migration/
    "plan_raw": self.plan_raw.dict(),

tests/test_trace_id.py::test_ops_ci_ask_includes_trace_id
tests/test_trace_id.py::test_ops_ci_ask_includes_trace_id
  /home/spa/tobit-spa-ai/apps/api/app/modules/ops/services/ci/orchestrator/runner.py:961: PydanticDeprecatedSince20: The `dict` method is deprecated; use `model_dump` instead. Deprecated in Pydantic V2.0 to be removed in V3.0. See Pydantic V2 Migration Guide at https://errors.pydantic.dev/2.12/migration/
    "policy_decisions": self.plan_trace.get("policy_decisions"),

tests/test_trace_id.py::test_ops_ci_ask_includes_trace_id
  /home/spa/tobit-spa-ai/apps/api/app/modules/ops/router.py:408: PydanticDeprecatedSince20: The `dict` method is deprecated; use `model_dump` instead. Deprecated in Pydantic V2.0 to be removed in V3.0. See Pydantic V2 Migration Guide at https://errors.pydantic.dev/2.12/migration/
    response_payload = ResponseEnvelope.success(data=response.dict())

tests/test_ui_actions_with_traces.py::test_create_maintenance_ticket_with_state_patch
  /home/spa/tobit-spa-ai/apps/api/tests/test_ui_actions_with_traces.py:124: DeprecationWarning: datetime.datetime.utcnow() is deprecated and scheduled for removal in a future version. Use timezone-aware objects to represent datetimes in UTC: datetime.datetime.now(datetime.UTC).
    parent_trace_id = f"screen-render-{datetime.utcnow().timestamp()}"

tests/unit/test_document_processor.py::TestDocumentExportService::test_export_to_json
tests/unit/test_document_processor.py::TestDocumentExportService::test_export_chunks_format_selection
  /home/spa/tobit-spa-ai/apps/api/app/modules/document_processor/services/export_service.py:47: DeprecationWarning: datetime.datetime.utcnow() is deprecated and scheduled for removal in a future version. Use timezone-aware objects to represent datetimes in UTC: datetime.datetime.now(datetime.UTC).
    "exported_at": datetime.utcnow().isoformat(),

tests/unit/test_document_processor.py::TestDocumentExportService::test_export_to_markdown
tests/unit/test_document_processor.py::TestDocumentExportService::test_export_chunks_format_selection
  /home/spa/tobit-spa-ai/apps/api/app/modules/document_processor/services/export_service.py:108: DeprecationWarning: datetime.datetime.utcnow() is deprecated and scheduled for removal in a future version. Use timezone-aware objects to represent datetimes in UTC: datetime.datetime.now(datetime.UTC).
    f"Exported: {datetime.utcnow().strftime('%Y-%m-%d %H:%M:%S')}",

tests/unit/test_document_processor.py::TestDocumentExportService::test_export_to_text
tests/unit/test_document_processor.py::TestDocumentExportService::test_export_chunks_format_selection
  /home/spa/tobit-spa-ai/apps/api/app/modules/document_processor/services/export_service.py:150: DeprecationWarning: datetime.datetime.utcnow() is deprecated and scheduled for removal in a future version. Use timezone-aware objects to represent datetimes in UTC: datetime.datetime.now(datetime.UTC).
    f"Exported: {datetime.utcnow().strftime('%Y-%m-%d %H:%M:%S')}",

-- Docs: https://docs.pytest.org/en/stable/how-to/capture-warnings.html
=========================== short test summary info ============================
FAILED tests/test_asset_models.py::TestResolverAsset::test_alias_mapping_creation
FAILED tests/test_asset_models.py::TestResolverAsset::test_pattern_rule_creation
FAILED tests/test_asset_models.py::TestResolverAsset::test_transformation_rule_creation
FAILED tests/test_asset_models.py::TestResolverAsset::test_resolver_rule_with_alias
FAILED tests/test_asset_models.py::TestResolverAsset::test_resolver_config_creation
FAILED tests/test_asset_models.py::TestResolverAsset::test_resolver_config_get_rule_by_name
FAILED tests/test_asset_models.py::TestResolverAsset::test_resolver_config_get_rules_by_type
FAILED tests/test_asset_models.py::TestResolverAsset::test_resolver_config_add_remove_rule
FAILED tests/test_asset_models.py::TestResolverAsset::test_resolver_asset_creation
FAILED tests/test_asset_models.py::TestResolverAsset::test_rule_priority_ordering
FAILED tests/test_asset_models.py::TestAssetIntegration::test_source_to_schema_reference
FAILED tests/test_asset_models.py::TestAssetIntegration::test_resolver_with_multiple_rule_types
FAILED tests/test_ops_service.py::test_ops_all_real_blocks_shape - AssertionE...
FAILED tests/test_ops_service.py::test_ops_all_langgraph_without_key_falls_back
FAILED tests/test_ops_service.py::test_ops_all_partial_failure - assert ('Err...
FAILED tests/test_permissions.py::TestRolePermissions::test_manager_permissions
FAILED tests/test_screen_editor_auth.py::TestScreenEditorAuth::test_save_draft_requires_auth
FAILED tests/test_screen_editor_auth.py::TestScreenEditorAuth::test_invalid_token_rejected
FAILED tests/test_screen_editor_auth.py::TestScreenEditorAuth::test_missing_authorization_header_error
FAILED tests/test_ui_actions_with_traces.py::test_list_maintenance_filtered_with_state_patch
FAILED tests/test_ui_actions_with_traces.py::test_create_maintenance_ticket_with_state_patch
ERROR tests/test_api_keys.py::TestApiKeyCrud::test_create_api_key - sqlalchem...
ERROR tests/test_api_keys.py::TestApiKeyCrud::test_create_api_key_with_expiration
ERROR tests/test_api_keys.py::TestApiKeyCrud::test_validate_api_key_valid - s...
ERROR tests/test_api_keys.py::TestApiKeyCrud::test_validate_api_key_invalid
ERROR tests/test_api_keys.py::TestApiKeyCrud::test_validate_api_key_expired
ERROR tests/test_api_keys.py::TestApiKeyCrud::test_validate_api_key_inactive
ERROR tests/test_api_keys.py::TestApiKeyCrud::test_get_api_key - sqlalchemy.e...
ERROR tests/test_api_keys.py::TestApiKeyCrud::test_get_api_key_wrong_user - s...
ERROR tests/test_api_keys.py::TestApiKeyCrud::test_list_api_keys - sqlalchemy...
ERROR tests/test_api_keys.py::TestApiKeyCrud::test_list_api_keys_exclude_inactive
ERROR tests/test_api_keys.py::TestApiKeyCrud::test_list_api_keys_include_inactive
ERROR tests/test_api_keys.py::TestApiKeyCrud::test_revoke_api_key - sqlalchem...
ERROR tests/test_api_keys.py::TestApiKeyCrud::test_revoke_nonexistent_key - s...
ERROR tests/test_api_keys.py::TestApiKeyScopes::test_get_api_key_scopes - sql...
ERROR tests/test_api_keys.py::TestApiKeyScopes::test_has_scope_true - sqlalch...
ERROR tests/test_api_keys.py::TestApiKeyScopes::test_has_scope_false - sqlalc...
ERROR tests/test_api_keys.py::TestApiKeysRouter::test_create_api_key_endpoint
ERROR tests/test_api_keys.py::TestApiKeysRouter::test_list_api_keys_endpoint
ERROR tests/test_api_keys.py::TestApiKeysRouter::test_revoke_api_key_endpoint
ERROR tests/test_ci_management.py::TestCIChangeCreation::test_create_change_basic
ERROR tests/test_ci_management.py::TestCIChangeCreation::test_create_change_minimal
ERROR tests/test_ci_management.py::TestCIChangeCreation::test_create_change_all_types
ERROR tests/test_ci_management.py::TestCIChangeCreation::test_get_change_by_id
ERROR tests/test_ci_management.py::TestCIChangeCreation::test_get_change_not_found
ERROR tests/test_ci_management.py::TestCIChangeCreation::test_list_changes_all
ERROR tests/test_ci_management.py::TestCIChangeCreation::test_list_changes_filter_by_ci_id
ERROR tests/test_ci_management.py::TestCIChangeCreation::test_list_changes_filter_by_status
ERROR tests/test_ci_management.py::TestCIChangeCreation::test_list_changes_pagination
ERROR tests/test_ci_management.py::TestCIChangeApproval::test_approve_change
ERROR tests/test_ci_management.py::TestCIChangeApproval::test_reject_change
ERROR tests/test_ci_management.py::TestCIChangeApproval::test_approve_non_existent_change
ERROR tests/test_ci_management.py::TestCIChangeApproval::test_apply_change
ERROR tests/test_ci_management.py::TestCIChangeApproval::test_apply_unapproved_change_fails
ERROR tests/test_ci_management.py::TestCIChangeHistory::test_get_change_history_single_ci
ERROR tests/test_ci_management.py::TestCIChangeHistory::test_change_history_counts
ERROR tests/test_ci_management.py::TestCIChangeHistory::test_change_history_pending_approvals
ERROR tests/test_ci_management.py::TestCIIntegrityValidation::test_create_integrity_issue
ERROR tests/test_ci_management.py::TestCIIntegrityValidation::test_get_integrity_issues
ERROR tests/test_ci_management.py::TestCIIntegrityValidation::test_filter_integrity_issues_unresolved
ERROR tests/test_ci_management.py::TestCIIntegrityValidation::test_resolve_integrity_issue
ERROR tests/test_ci_management.py::TestCIIntegrityValidation::test_validate_ci_integrity
ERROR tests/test_ci_management.py::TestCIIntegrityValidation::test_get_integrity_summary
ERROR tests/test_ci_management.py::TestCIDuplicateDetection::test_create_duplicate_entry
ERROR tests/test_ci_management.py::TestCIDuplicateDetection::test_get_duplicates_for_ci
ERROR tests/test_ci_management.py::TestCIDuplicateDetection::test_confirm_duplicate
ERROR tests/test_ci_management.py::TestCIDuplicateDetection::test_duplicate_statistics
ERROR tests/test_ci_management.py::TestCIChangeStatistics::test_get_change_statistics
ERROR tests/test_ci_management.py::TestCIChangeStatistics::test_change_statistics_time_range
ERROR tests/test_ci_management.py::TestCIIntegrationWorkflow::test_complete_change_workflow
ERROR tests/test_ci_management.py::TestCIIntegrationWorkflow::test_duplicate_detection_to_merge_workflow
ERROR tests/test_ci_management.py::TestCIIntegrationWorkflow::test_integrity_validation_workflow
ERROR tests/test_ci_management.py::TestTenantIsolation::test_changes_isolated_by_tenant
ERROR tests/test_ci_management.py::TestTenantIsolation::test_issues_isolated_by_tenant
ERROR tests/test_ci_management.py::TestTenantIsolation::test_duplicates_isolated_by_tenant
ERROR tests/test_documents.py::test_upload_creates_metadata_and_list - sqlalc...
ERROR tests/test_documents.py::test_document_stream_done_contains_references
ERROR tests/test_permissions.py::TestRolePermissions::test_initialize_role_permissions
ERROR tests/test_permissions.py::TestPermissionChecks::test_admin_check_permission
ERROR tests/test_permissions.py::TestPermissionChecks::test_developer_can_create_api
ERROR tests/test_permissions.py::TestPermissionChecks::test_developer_cannot_delete_api
ERROR tests/test_permissions.py::TestPermissionChecks::test_viewer_can_read
ERROR tests/test_permissions.py::TestPermissionChecks::test_viewer_cannot_write
ERROR tests/test_permissions.py::TestResourcePermissions::test_grant_resource_permission
ERROR tests/test_permissions.py::TestResourcePermissions::test_grant_resource_type_permission
ERROR tests/test_permissions.py::TestResourcePermissions::test_check_resource_specific_permission
ERROR tests/test_permissions.py::TestResourcePermissions::test_check_resource_type_permission
ERROR tests/test_permissions.py::TestResourcePermissions::test_revoke_resource_permission
ERROR tests/test_permissions.py::TestPermissionExpiration::test_expired_permission_denied
ERROR tests/test_permissions.py::TestPermissionExpiration::test_future_permission_allowed
ERROR tests/test_permissions.py::TestListPermissions::test_list_user_permissions
===== 21 failed, 294 passed, 7 skipped, 178 warnings, 70 errors in 49.96s ======
